Start testing: Nov 22 11:52 CET
----------------------------------------------------------
1/3 Testing: CSVHandlerTests
1/3 Test: CSVHandlerTests
Command: "/home/fares/Desktop/NeuroClues/build/test_CSVHandler"
Directory: /home/fares/Desktop/NeuroClues/build
"CSVHandlerTests" start time: Nov 22 11:52 CET
Output:
----------------------------------------------------------
Running main() from /home/fares/Desktop/NeuroClues/build/_deps/googletest-src/googletest/src/gtest_main.cc
[==========] Running 7 tests from 1 test suite.
[----------] Global test environment set-up.
[----------] 7 tests from CSVHandlerTest
[ RUN      ] CSVHandlerTest.CanReadValidCSV
Header: id,timestamp,retinaAngleDegrees,pupilSize,gazeCoordinatesX,gazeCoordinatesY,blinkRate,fixationDuration,subjectId,sessionDuration,experimentType,processed,processed_timestamp,retina_focus_intensity,processed,processed_timestamp,retina_focus_intensity,processed,processed_timestamp,retina_focus_intensity,processed,processed_timestamp,retina_focus_intensity,processed,processed_timestamp,retina_focus_intensity,processed,processed_timestamp,retina_focus_intensity,processed,processed_timestamp,retina_focus_intensity,processed,processed_timestamp,retina_focus_intensity,processed,processed_timestamp,retina_focus_intensity,processed,processed_timestamp,retina_focus_intensity,processed,processed_timestamp,retina_focus_intensity,processed,processed_timestamp,retina_focus_intensity
[       OK ] CSVHandlerTest.CanReadValidCSV (0 ms)
[ RUN      ] CSVHandlerTest.FailsOnMissingCSVFile
[       OK ] CSVHandlerTest.FailsOnMissingCSVFile (0 ms)
[ RUN      ] CSVHandlerTest.CanWriteProcessedCSV
Header: id,timestamp,retinaAngleDegrees,pupilSize,gazeCoordinatesX,gazeCoordinatesY,blinkRate,fixationDuration,subjectId,sessionDuration,experimentType,processed,processed_timestamp,retina_focus_intensity,processed,processed_timestamp,retina_focus_intensity,processed,processed_timestamp,retina_focus_intensity,processed,processed_timestamp,retina_focus_intensity,processed,processed_timestamp,retina_focus_intensity,processed,processed_timestamp,retina_focus_intensity,processed,processed_timestamp,retina_focus_intensity,processed,processed_timestamp,retina_focus_intensity,processed,processed_timestamp,retina_focus_intensity,processed,processed_timestamp,retina_focus_intensity,processed,processed_timestamp,retina_focus_intensity,processed,processed_timestamp,retina_focus_intensity
[       OK ] CSVHandlerTest.CanWriteProcessedCSV (0 ms)
[ RUN      ] CSVHandlerTest.AddsProcessedColumnsToHeader
Header: id,timestamp,retinaAngleDegrees,pupilSize,gazeCoordinatesX,gazeCoordinatesY,blinkRate,fixationDuration,subjectId,sessionDuration,experimentType,processed,processed_timestamp,retina_focus_intensity,processed,processed_timestamp,retina_focus_intensity,processed,processed_timestamp,retina_focus_intensity,processed,processed_timestamp,retina_focus_intensity,processed,processed_timestamp,retina_focus_intensity,processed,processed_timestamp,retina_focus_intensity,processed,processed_timestamp,retina_focus_intensity,processed,processed_timestamp,retina_focus_intensity,processed,processed_timestamp,retina_focus_intensity,processed,processed_timestamp,retina_focus_intensity,processed,processed_timestamp,retina_focus_intensity,processed,processed_timestamp,retina_focus_intensity
[       OK ] CSVHandlerTest.AddsProcessedColumnsToHeader (0 ms)
[ RUN      ] CSVHandlerTest.CalculatesRetinaFocusIntensity
Header: id,timestamp,retinaAngleDegrees,pupilSize,gazeCoordinatesX,gazeCoordinatesY,blinkRate,fixationDuration,subjectId,sessionDuration,experimentType,processed,processed_timestamp,retina_focus_intensity,processed,processed_timestamp,retina_focus_intensity,processed,processed_timestamp,retina_focus_intensity,processed,processed_timestamp,retina_focus_intensity,processed,processed_timestamp,retina_focus_intensity,processed,processed_timestamp,retina_focus_intensity,processed,processed_timestamp,retina_focus_intensity,processed,processed_timestamp,retina_focus_intensity,processed,processed_timestamp,retina_focus_intensity,processed,processed_timestamp,retina_focus_intensity,processed,processed_timestamp,retina_focus_intensity,processed,processed_timestamp,retina_focus_intensity
[       OK ] CSVHandlerTest.CalculatesRetinaFocusIntensity (0 ms)
[ RUN      ] CSVHandlerTest.AddsCorrectTimestampFormat
Header: id,timestamp,retinaAngleDegrees,pupilSize,gazeCoordinatesX,gazeCoordinatesY,blinkRate,fixationDuration,subjectId,sessionDuration,experimentType,processed,processed_timestamp,retina_focus_intensity,processed,processed_timestamp,retina_focus_intensity,processed,processed_timestamp,retina_focus_intensity,processed,processed_timestamp,retina_focus_intensity,processed,processed_timestamp,retina_focus_intensity,processed,processed_timestamp,retina_focus_intensity,processed,processed_timestamp,retina_focus_intensity,processed,processed_timestamp,retina_focus_intensity,processed,processed_timestamp,retina_focus_intensity,processed,processed_timestamp,retina_focus_intensity,processed,processed_timestamp,retina_focus_intensity,processed,processed_timestamp,retina_focus_intensity
[       OK ] CSVHandlerTest.AddsCorrectTimestampFormat (0 ms)
[ RUN      ] CSVHandlerTest.FullWorkflowWithCSV
Header: id,timestamp,retinaAngleDegrees,pupilSize,gazeCoordinatesX,gazeCoordinatesY,blinkRate,fixationDuration,subjectId,sessionDuration,experimentType,processed,processed_timestamp,retina_focus_intensity,processed,processed_timestamp,retina_focus_intensity,processed,processed_timestamp,retina_focus_intensity,processed,processed_timestamp,retina_focus_intensity,processed,processed_timestamp,retina_focus_intensity,processed,processed_timestamp,retina_focus_intensity,processed,processed_timestamp,retina_focus_intensity,processed,processed_timestamp,retina_focus_intensity,processed,processed_timestamp,retina_focus_intensity,processed,processed_timestamp,retina_focus_intensity,processed,processed_timestamp,retina_focus_intensity,processed,processed_timestamp,retina_focus_intensity
[       OK ] CSVHandlerTest.FullWorkflowWithCSV (0 ms)
[----------] 7 tests from CSVHandlerTest (0 ms total)

[----------] Global test environment tear-down
[==========] 7 tests from 1 test suite ran. (0 ms total)
[  PASSED  ] 7 tests.
<end of output>
Test time =   0.00 sec
----------------------------------------------------------
Test Passed.
"CSVHandlerTests" end time: Nov 22 11:52 CET
"CSVHandlerTests" time elapsed: 00:00:00
----------------------------------------------------------

2/3 Testing: JSONHandlerTests
2/3 Test: JSONHandlerTests
Command: "/home/fares/Desktop/NeuroClues/build/test_JSONHandler"
Directory: /home/fares/Desktop/NeuroClues/build
"JSONHandlerTests" start time: Nov 22 11:52 CET
Output:
----------------------------------------------------------
Running main() from /home/fares/Desktop/NeuroClues/build/_deps/googletest-src/googletest/src/gtest_main.cc
[==========] Running 7 tests from 1 test suite.
[----------] Global test environment set-up.
[----------] 7 tests from JSONHandlerTest
[ RUN      ] JSONHandlerTest.CanReadValidJSON
[       OK ] JSONHandlerTest.CanReadValidJSON (0 ms)
[ RUN      ] JSONHandlerTest.FailsOnMalformedJSON
[       OK ] JSONHandlerTest.FailsOnMalformedJSON (0 ms)
[ RUN      ] JSONHandlerTest.FailsOnMissingFile
[       OK ] JSONHandlerTest.FailsOnMissingFile (0 ms)
[ RUN      ] JSONHandlerTest.CanWriteValidJSON
[       OK ] JSONHandlerTest.CanWriteValidJSON (0 ms)
[ RUN      ] JSONHandlerTest.AddsValidProcessedTimestamp
[       OK ] JSONHandlerTest.AddsValidProcessedTimestamp (0 ms)
[ RUN      ] JSONHandlerTest.HandlesMissingFieldsGracefully
[       OK ] JSONHandlerTest.HandlesMissingFieldsGracefully (0 ms)
[ RUN      ] JSONHandlerTest.FullWorkflowIntegration
[       OK ] JSONHandlerTest.FullWorkflowIntegration (0 ms)
[----------] 7 tests from JSONHandlerTest (1 ms total)

[----------] Global test environment tear-down
[==========] 7 tests from 1 test suite ran. (1 ms total)
[  PASSED  ] 7 tests.
<end of output>
Test time =   0.01 sec
----------------------------------------------------------
Test Passed.
"JSONHandlerTests" end time: Nov 22 11:52 CET
"JSONHandlerTests" time elapsed: 00:00:00
----------------------------------------------------------

3/3 Testing: FileHandlerFactoryTests
3/3 Test: FileHandlerFactoryTests
Command: "/home/fares/Desktop/NeuroClues/build/test_FileHandlerFactory"
Directory: /home/fares/Desktop/NeuroClues/build
"FileHandlerFactoryTests" start time: Nov 22 11:52 CET
Output:
----------------------------------------------------------
Running main() from /home/fares/Desktop/NeuroClues/build/_deps/googletest-src/googletest/src/gtest_main.cc
[==========] Running 5 tests from 2 test suites.
[----------] Global test environment set-up.
[----------] 2 tests from UtilityTest
[ RUN      ] UtilityTest.ExtractsExtension
[       OK ] UtilityTest.ExtractsExtension (0 ms)
[ RUN      ] UtilityTest.HandlesEdgeCases
[       OK ] UtilityTest.HandlesEdgeCases (0 ms)
[----------] 2 tests from UtilityTest (0 ms total)

[----------] 3 tests from FileHandlerFactoryTest
[ RUN      ] FileHandlerFactoryTest.ReturnsCorrectFactoryForCSV
[       OK ] FileHandlerFactoryTest.ReturnsCorrectFactoryForCSV (0 ms)
[ RUN      ] FileHandlerFactoryTest.ReturnsCorrectFactoryForJSON
[       OK ] FileHandlerFactoryTest.ReturnsCorrectFactoryForJSON (0 ms)
[ RUN      ] FileHandlerFactoryTest.ThrowsForUnsupportedFileType
[       OK ] FileHandlerFactoryTest.ThrowsForUnsupportedFileType (0 ms)
[----------] 3 tests from FileHandlerFactoryTest (0 ms total)

[----------] Global test environment tear-down
[==========] 5 tests from 2 test suites ran. (0 ms total)
[  PASSED  ] 5 tests.
<end of output>
Test time =   0.00 sec
----------------------------------------------------------
Test Passed.
"FileHandlerFactoryTests" end time: Nov 22 11:52 CET
"FileHandlerFactoryTests" time elapsed: 00:00:00
----------------------------------------------------------

End testing: Nov 22 11:52 CET
