TN:
SF:/home/fares/Desktop/NeuroClues/build/_deps/googletest-src/googletest/include/gtest/gtest-assertion-result.h
FN:155,161,_ZN7testing15AssertionResultC2ISiEERKT_PNSt9enable_ifIXntsrSt14is_convertibleIS2_S0_E5valueEvE4typeE
FN:155,161,_ZN7testing15AssertionResultC2IbEERKT_PNSt9enable_ifIXntsrSt14is_convertibleIS2_S0_E5valueEvE4typeE
FN:174,174,_ZNK7testing15AssertionResultcvbEv
FN:183,185,_ZNK7testing15AssertionResult7messageEv
FN:187,187,_ZNK7testing15AssertionResult15failure_messageEv
FN:191,194,_ZN7testing15AssertionResultlsIA12_cEERS0_RKT_
FN:191,194,_ZN7testing15AssertionResultlsIA3_cEERS0_RKT_
FN:191,194,_ZN7testing15AssertionResultlsIA5_cEERS0_RKT_
FN:191,194,_ZN7testing15AssertionResultlsINSt7__cxx1112basic_stringIcSt11char_traitsIcESaIcEEEEERS0_RKT_
FN:191,194,_ZN7testing15AssertionResultlsIPKcEERS0_RKT_
FN:206,209,_ZN7testing15AssertionResult13AppendMessageERKNS_7MessageE
FNDA:2,_ZN7testing15AssertionResultC2ISiEERKT_PNSt9enable_ifIXntsrSt14is_convertibleIS2_S0_E5valueEvE4typeE
FNDA:65,_ZN7testing15AssertionResultC2IbEERKT_PNSt9enable_ifIXntsrSt14is_convertibleIS2_S0_E5valueEvE4typeE
FNDA:67,_ZNK7testing15AssertionResultcvbEv
FNDA:0,_ZNK7testing15AssertionResult7messageEv
FNDA:0,_ZNK7testing15AssertionResult15failure_messageEv
FNDA:0,_ZN7testing15AssertionResultlsIA12_cEERS0_RKT_
FNDA:0,_ZN7testing15AssertionResultlsIA3_cEERS0_RKT_
FNDA:0,_ZN7testing15AssertionResultlsIA5_cEERS0_RKT_
FNDA:0,_ZN7testing15AssertionResultlsINSt7__cxx1112basic_stringIcSt11char_traitsIcESaIcEEEEERS0_RKT_
FNDA:0,_ZN7testing15AssertionResultlsIPKcEERS0_RKT_
FNDA:0,_ZN7testing15AssertionResult13AppendMessageERKNS_7MessageE
FNF:11
FNH:3
DA:155,67
DA:161,67
DA:174,67
DA:183,0
DA:184,0
DA:187,0
DA:191,0
DA:192,0
DA:193,0
DA:206,0
DA:207,0
DA:208,0
DA:209,0
LF:13
LH:3
end_of_record
TN:
SF:/home/fares/Desktop/NeuroClues/build/_deps/googletest-src/googletest/include/gtest/gtest-message.h
FN:114,132,_ZN7testing7MessagelsIA12_cEERS0_RKT_
FN:114,132,_ZN7testing7MessagelsIA3_cEERS0_RKT_
FN:114,132,_ZN7testing7MessagelsIA5_cEERS0_RKT_
FN:114,132,_ZN7testing7MessagelsINSt7__cxx1112basic_stringIcSt11char_traitsIcESaIcEEEEERS0_RKT_
FN:148,155,_ZN7testing7MessagelsIKcEERS0_RKPT_
FNDA:0,_ZN7testing7MessagelsIA12_cEERS0_RKT_
FNDA:0,_ZN7testing7MessagelsIA3_cEERS0_RKT_
FNDA:0,_ZN7testing7MessagelsIA5_cEERS0_RKT_
FNDA:0,_ZN7testing7MessagelsINSt7__cxx1112basic_stringIcSt11char_traitsIcESaIcEEEEERS0_RKT_
FNDA:42,_ZN7testing7MessagelsIKcEERS0_RKPT_
FNF:5
FNH:1
DA:114,0
DA:130,0
DA:131,0
DA:148,42
DA:149,42
DA:150,0
DA:152,42
DA:154,42
LF:8
LH:4
end_of_record
TN:
SF:/home/fares/Desktop/NeuroClues/build/_deps/googletest-src/googletest/include/gtest/gtest-printers.h
FN:1035,1039,_ZN7testing13PrintToStringIN8nlohmann16json_abi_v3_11_310basic_jsonISt3mapSt6vectorNSt7__cxx1112basic_stringIcSt11char_traitsIcESaIcEEEblmdSaNS2_14adl_serializerES5_IhSaIhEEvEEEESB_RKT_
FN:1035,1039,_ZN7testing13PrintToStringINSt7__cxx1112basic_stringIcSt11char_traitsIcESaIcEEEEES6_RKT_
FN:1035,1039,_ZN7testing13PrintToStringIPKcEENSt7__cxx1112basic_stringIcSt11char_traitsIcESaIcEEERKT_
FN:1035,1039,_ZN7testing13PrintToStringIbEENSt7__cxx1112basic_stringIcSt11char_traitsIcESaIcEEERKT_
FN:1035,1039,_ZN7testing13PrintToStringIiEENSt7__cxx1112basic_stringIcSt11char_traitsIcESaIcEEERKT_
FN:1035,1039,_ZN7testing13PrintToStringImEENSt7__cxx1112basic_stringIcSt11char_traitsIcESaIcEEERKT_
FN:213,217,_ZN7testing8internal52internal_stream_operator_without_lexical_name_lookup13StreamPrinter10PrintValueIN8nlohmann16json_abi_v3_11_310basic_jsonISt3mapSt6vectorNSt7__cxx1112basic_stringIcSt11char_traitsIcESaIcEEEblmdSaNS5_14adl_serializerES8_IhSaIhEEvEEvRSoEEvRKT_PSo
FN:213,217,_ZN7testing8internal52internal_stream_operator_without_lexical_name_lookup13StreamPrinter10PrintValueIivRSoEEvRKT_PSo
FN:213,217,_ZN7testing8internal52internal_stream_operator_without_lexical_name_lookup13StreamPrinter10PrintValueImvRSoEEvRKT_PSo
FN:305,312,_ZN7testing8internal17PrintWithFallbackIN8nlohmann16json_abi_v3_11_310basic_jsonISt3mapSt6vectorNSt7__cxx1112basic_stringIcSt11char_traitsIcESaIcEEEblmdSaNS3_14adl_serializerES6_IhSaIhEEvEEEEvRKT_PSo
FN:305,312,_ZN7testing8internal17PrintWithFallbackIiEEvRKT_PSo
FN:305,312,_ZN7testing8internal17PrintWithFallbackImEEvRKT_PSo
FN:332,334,_ZN7testing8internal19FormatForComparisonIN8nlohmann16json_abi_v3_11_310basic_jsonISt3mapSt6vectorNSt7__cxx1112basic_stringIcSt11char_traitsIcESaIcEEEblmdSaNS3_14adl_serializerES6_IhSaIhEEvEEbE6FormatERKSG_
FN:332,334,_ZN7testing8internal19FormatForComparisonINSt7__cxx1112basic_stringIcSt11char_traitsIcESaIcEEEA1_cE6FormatERKS7_
FN:332,334,_ZN7testing8internal19FormatForComparisonINSt7__cxx1112basic_stringIcSt11char_traitsIcESaIcEEEA4_cE6FormatERKS7_
FN:332,334,_ZN7testing8internal19FormatForComparisonINSt7__cxx1112basic_stringIcSt11char_traitsIcESaIcEEEA5_cE6FormatERKS7_
FN:332,334,_ZN7testing8internal19FormatForComparisonIbN8nlohmann16json_abi_v3_11_310basic_jsonISt3mapSt6vectorNSt7__cxx1112basic_stringIcSt11char_traitsIcESaIcEEEblmdSaNS3_14adl_serializerES6_IhSaIhEEvEEE6FormatERKb
FN:332,334,_ZN7testing8internal19FormatForComparisonIimE6FormatB5cxx11ERKi
FN:332,334,_ZN7testing8internal19FormatForComparisonImiE6FormatB5cxx11ERKm
FN:341,343,_ZN7testing8internal19FormatForComparisonIA1_cNSt7__cxx1112basic_stringIcSt11char_traitsIcESaIcEEEE6FormatEPKc
FN:341,343,_ZN7testing8internal19FormatForComparisonIA4_cNSt7__cxx1112basic_stringIcSt11char_traitsIcESaIcEEEE6FormatEPKc
FN:341,343,_ZN7testing8internal19FormatForComparisonIA5_cNSt7__cxx1112basic_stringIcSt11char_traitsIcESaIcEEEE6FormatEPKc
FN:386,386,_ZN7testing8internal19FormatForComparisonIPKcNSt7__cxx1112basic_stringIcSt11char_traitsIcESaIcEEEE6FormatES3_
FN:412,415,_ZN7testing8internal33FormatForComparisonFailureMessageIA1_cNSt7__cxx1112basic_stringIcSt11char_traitsIcESaIcEEEEES8_RKT_RKT0_
FN:412,415,_ZN7testing8internal33FormatForComparisonFailureMessageIA4_cNSt7__cxx1112basic_stringIcSt11char_traitsIcESaIcEEEEES8_RKT_RKT0_
FN:412,415,_ZN7testing8internal33FormatForComparisonFailureMessageIA5_cNSt7__cxx1112basic_stringIcSt11char_traitsIcESaIcEEEEES8_RKT_RKT0_
FN:412,415,_ZN7testing8internal33FormatForComparisonFailureMessageIN8nlohmann16json_abi_v3_11_310basic_jsonISt3mapSt6vectorNSt7__cxx1112basic_stringIcSt11char_traitsIcESaIcEEEblmdSaNS3_14adl_serializerES6_IhSaIhEEvEEbEESC_RKT_RKT0_
FN:412,415,_ZN7testing8internal33FormatForComparisonFailureMessageINSt7__cxx1112basic_stringIcSt11char_traitsIcESaIcEEEA1_cEES7_RKT_RKT0_
FN:412,415,_ZN7testing8internal33FormatForComparisonFailureMessageINSt7__cxx1112basic_stringIcSt11char_traitsIcESaIcEEEA4_cEES7_RKT_RKT0_
FN:412,415,_ZN7testing8internal33FormatForComparisonFailureMessageINSt7__cxx1112basic_stringIcSt11char_traitsIcESaIcEEEA5_cEES7_RKT_RKT0_
FN:412,415,_ZN7testing8internal33FormatForComparisonFailureMessageIbN8nlohmann16json_abi_v3_11_310basic_jsonISt3mapSt6vectorNSt7__cxx1112basic_stringIcSt11char_traitsIcESaIcEEEblmdSaNS3_14adl_serializerES6_IhSaIhEEvEEEESC_RKT_RKT0_
FN:412,415,_ZN7testing8internal33FormatForComparisonFailureMessageIimEENSt7__cxx1112basic_stringIcSt11char_traitsIcESaIcEEERKT_RKT0_
FN:412,415,_ZN7testing8internal33FormatForComparisonFailureMessageImiEENSt7__cxx1112basic_stringIcSt11char_traitsIcESaIcEEERKT_RKT0_
FN:439,441,_ZN7testing8internal7PrintToIN8nlohmann16json_abi_v3_11_310basic_jsonISt3mapSt6vectorNSt7__cxx1112basic_stringIcSt11char_traitsIcESaIcEEEblmdSaNS3_14adl_serializerES6_IhSaIhEEvEEEEvRKT_PSo
FN:439,441,_ZN7testing8internal7PrintToIiEEvRKT_PSo
FN:439,441,_ZN7testing8internal7PrintToImEEvRKT_PSo
FN:458,460,_ZN7testing8internal7PrintToEbPSo
FN:554,556,_ZN7testing8internal7PrintToERKNSt7__cxx1112basic_stringIcSt11char_traitsIcESaIcEEEPSo
FN:693,703,_ZN7testing8internal16UniversalPrinterIN8nlohmann16json_abi_v3_11_310basic_jsonISt3mapSt6vectorNSt7__cxx1112basic_stringIcSt11char_traitsIcESaIcEEEblmdSaNS3_14adl_serializerES6_IhSaIhEEvEEE5PrintERKSG_PSo
FN:693,703,_ZN7testing8internal16UniversalPrinterINSt7__cxx1112basic_stringIcSt11char_traitsIcESaIcEEEE5PrintERKS7_PSo
FN:693,703,_ZN7testing8internal16UniversalPrinterIbE5PrintERKbPSo
FN:693,703,_ZN7testing8internal16UniversalPrinterIiE5PrintERKiPSo
FN:693,703,_ZN7testing8internal16UniversalPrinterImE5PrintERKmPSo
FN:883,885,_ZN7testing8internal21UniversalTersePrinterIN8nlohmann16json_abi_v3_11_310basic_jsonISt3mapSt6vectorNSt7__cxx1112basic_stringIcSt11char_traitsIcESaIcEEEblmdSaNS3_14adl_serializerES6_IhSaIhEEvEEE5PrintERKSG_PSo
FN:883,885,_ZN7testing8internal21UniversalTersePrinterINSt7__cxx1112basic_stringIcSt11char_traitsIcESaIcEEEE5PrintERKS7_PSo
FN:883,885,_ZN7testing8internal21UniversalTersePrinterIbE5PrintERKbPSo
FN:883,885,_ZN7testing8internal21UniversalTersePrinterIiE5PrintERKiPSo
FN:883,885,_ZN7testing8internal21UniversalTersePrinterImE5PrintERKmPSo
FN:904,910,_ZN7testing8internal21UniversalTersePrinterIPKcE5PrintES3_PSo
FN:995,1000,_ZN7testing8internal14UniversalPrintIN8nlohmann16json_abi_v3_11_310basic_jsonISt3mapSt6vectorNSt7__cxx1112basic_stringIcSt11char_traitsIcESaIcEEEblmdSaNS3_14adl_serializerES6_IhSaIhEEvEEEEvRKT_PSo
FN:995,1000,_ZN7testing8internal14UniversalPrintINSt7__cxx1112basic_stringIcSt11char_traitsIcESaIcEEEEEvRKT_PSo
FN:995,1000,_ZN7testing8internal14UniversalPrintIbEEvRKT_PSo
FN:995,1000,_ZN7testing8internal14UniversalPrintIiEEvRKT_PSo
FN:995,1000,_ZN7testing8internal14UniversalPrintImEEvRKT_PSo
FNDA:0,_ZN7testing13PrintToStringIN8nlohmann16json_abi_v3_11_310basic_jsonISt3mapSt6vectorNSt7__cxx1112basic_stringIcSt11char_traitsIcESaIcEEEblmdSaNS2_14adl_serializerES5_IhSaIhEEvEEEESB_RKT_
FNDA:0,_ZN7testing13PrintToStringINSt7__cxx1112basic_stringIcSt11char_traitsIcESaIcEEEEES6_RKT_
FNDA:0,_ZN7testing13PrintToStringIPKcEENSt7__cxx1112basic_stringIcSt11char_traitsIcESaIcEEERKT_
FNDA:0,_ZN7testing13PrintToStringIbEENSt7__cxx1112basic_stringIcSt11char_traitsIcESaIcEEERKT_
FNDA:0,_ZN7testing13PrintToStringIiEENSt7__cxx1112basic_stringIcSt11char_traitsIcESaIcEEERKT_
FNDA:0,_ZN7testing13PrintToStringImEENSt7__cxx1112basic_stringIcSt11char_traitsIcESaIcEEERKT_
FNDA:0,_ZN7testing8internal52internal_stream_operator_without_lexical_name_lookup13StreamPrinter10PrintValueIN8nlohmann16json_abi_v3_11_310basic_jsonISt3mapSt6vectorNSt7__cxx1112basic_stringIcSt11char_traitsIcESaIcEEEblmdSaNS5_14adl_serializerES8_IhSaIhEEvEEvRSoEEvRKT_PSo
FNDA:0,_ZN7testing8internal52internal_stream_operator_without_lexical_name_lookup13StreamPrinter10PrintValueIivRSoEEvRKT_PSo
FNDA:0,_ZN7testing8internal52internal_stream_operator_without_lexical_name_lookup13StreamPrinter10PrintValueImvRSoEEvRKT_PSo
FNDA:0,_ZN7testing8internal17PrintWithFallbackIN8nlohmann16json_abi_v3_11_310basic_jsonISt3mapSt6vectorNSt7__cxx1112basic_stringIcSt11char_traitsIcESaIcEEEblmdSaNS3_14adl_serializerES6_IhSaIhEEvEEEEvRKT_PSo
FNDA:0,_ZN7testing8internal17PrintWithFallbackIiEEvRKT_PSo
FNDA:0,_ZN7testing8internal17PrintWithFallbackImEEvRKT_PSo
FNDA:0,_ZN7testing8internal19FormatForComparisonIN8nlohmann16json_abi_v3_11_310basic_jsonISt3mapSt6vectorNSt7__cxx1112basic_stringIcSt11char_traitsIcESaIcEEEblmdSaNS3_14adl_serializerES6_IhSaIhEEvEEbE6FormatERKSG_
FNDA:0,_ZN7testing8internal19FormatForComparisonINSt7__cxx1112basic_stringIcSt11char_traitsIcESaIcEEEA1_cE6FormatERKS7_
FNDA:0,_ZN7testing8internal19FormatForComparisonINSt7__cxx1112basic_stringIcSt11char_traitsIcESaIcEEEA4_cE6FormatERKS7_
FNDA:0,_ZN7testing8internal19FormatForComparisonINSt7__cxx1112basic_stringIcSt11char_traitsIcESaIcEEEA5_cE6FormatERKS7_
FNDA:0,_ZN7testing8internal19FormatForComparisonIbN8nlohmann16json_abi_v3_11_310basic_jsonISt3mapSt6vectorNSt7__cxx1112basic_stringIcSt11char_traitsIcESaIcEEEblmdSaNS3_14adl_serializerES6_IhSaIhEEvEEE6FormatERKb
FNDA:0,_ZN7testing8internal19FormatForComparisonIimE6FormatB5cxx11ERKi
FNDA:0,_ZN7testing8internal19FormatForComparisonImiE6FormatB5cxx11ERKm
FNDA:0,_ZN7testing8internal19FormatForComparisonIA1_cNSt7__cxx1112basic_stringIcSt11char_traitsIcESaIcEEEE6FormatEPKc
FNDA:0,_ZN7testing8internal19FormatForComparisonIA4_cNSt7__cxx1112basic_stringIcSt11char_traitsIcESaIcEEEE6FormatEPKc
FNDA:0,_ZN7testing8internal19FormatForComparisonIA5_cNSt7__cxx1112basic_stringIcSt11char_traitsIcESaIcEEEE6FormatEPKc
FNDA:0,_ZN7testing8internal19FormatForComparisonIPKcNSt7__cxx1112basic_stringIcSt11char_traitsIcESaIcEEEE6FormatES3_
FNDA:0,_ZN7testing8internal33FormatForComparisonFailureMessageIA1_cNSt7__cxx1112basic_stringIcSt11char_traitsIcESaIcEEEEES8_RKT_RKT0_
FNDA:0,_ZN7testing8internal33FormatForComparisonFailureMessageIA4_cNSt7__cxx1112basic_stringIcSt11char_traitsIcESaIcEEEEES8_RKT_RKT0_
FNDA:0,_ZN7testing8internal33FormatForComparisonFailureMessageIA5_cNSt7__cxx1112basic_stringIcSt11char_traitsIcESaIcEEEEES8_RKT_RKT0_
FNDA:0,_ZN7testing8internal33FormatForComparisonFailureMessageIN8nlohmann16json_abi_v3_11_310basic_jsonISt3mapSt6vectorNSt7__cxx1112basic_stringIcSt11char_traitsIcESaIcEEEblmdSaNS3_14adl_serializerES6_IhSaIhEEvEEbEESC_RKT_RKT0_
FNDA:0,_ZN7testing8internal33FormatForComparisonFailureMessageINSt7__cxx1112basic_stringIcSt11char_traitsIcESaIcEEEA1_cEES7_RKT_RKT0_
FNDA:0,_ZN7testing8internal33FormatForComparisonFailureMessageINSt7__cxx1112basic_stringIcSt11char_traitsIcESaIcEEEA4_cEES7_RKT_RKT0_
FNDA:0,_ZN7testing8internal33FormatForComparisonFailureMessageINSt7__cxx1112basic_stringIcSt11char_traitsIcESaIcEEEA5_cEES7_RKT_RKT0_
FNDA:0,_ZN7testing8internal33FormatForComparisonFailureMessageIbN8nlohmann16json_abi_v3_11_310basic_jsonISt3mapSt6vectorNSt7__cxx1112basic_stringIcSt11char_traitsIcESaIcEEEblmdSaNS3_14adl_serializerES6_IhSaIhEEvEEEESC_RKT_RKT0_
FNDA:0,_ZN7testing8internal33FormatForComparisonFailureMessageIimEENSt7__cxx1112basic_stringIcSt11char_traitsIcESaIcEEERKT_RKT0_
FNDA:0,_ZN7testing8internal33FormatForComparisonFailureMessageImiEENSt7__cxx1112basic_stringIcSt11char_traitsIcESaIcEEERKT_RKT0_
FNDA:0,_ZN7testing8internal7PrintToIN8nlohmann16json_abi_v3_11_310basic_jsonISt3mapSt6vectorNSt7__cxx1112basic_stringIcSt11char_traitsIcESaIcEEEblmdSaNS3_14adl_serializerES6_IhSaIhEEvEEEEvRKT_PSo
FNDA:0,_ZN7testing8internal7PrintToIiEEvRKT_PSo
FNDA:0,_ZN7testing8internal7PrintToImEEvRKT_PSo
FNDA:0,_ZN7testing8internal7PrintToEbPSo
FNDA:0,_ZN7testing8internal7PrintToERKNSt7__cxx1112basic_stringIcSt11char_traitsIcESaIcEEEPSo
FNDA:0,_ZN7testing8internal16UniversalPrinterIN8nlohmann16json_abi_v3_11_310basic_jsonISt3mapSt6vectorNSt7__cxx1112basic_stringIcSt11char_traitsIcESaIcEEEblmdSaNS3_14adl_serializerES6_IhSaIhEEvEEE5PrintERKSG_PSo
FNDA:0,_ZN7testing8internal16UniversalPrinterINSt7__cxx1112basic_stringIcSt11char_traitsIcESaIcEEEE5PrintERKS7_PSo
FNDA:0,_ZN7testing8internal16UniversalPrinterIbE5PrintERKbPSo
FNDA:0,_ZN7testing8internal16UniversalPrinterIiE5PrintERKiPSo
FNDA:0,_ZN7testing8internal16UniversalPrinterImE5PrintERKmPSo
FNDA:0,_ZN7testing8internal21UniversalTersePrinterIN8nlohmann16json_abi_v3_11_310basic_jsonISt3mapSt6vectorNSt7__cxx1112basic_stringIcSt11char_traitsIcESaIcEEEblmdSaNS3_14adl_serializerES6_IhSaIhEEvEEE5PrintERKSG_PSo
FNDA:0,_ZN7testing8internal21UniversalTersePrinterINSt7__cxx1112basic_stringIcSt11char_traitsIcESaIcEEEE5PrintERKS7_PSo
FNDA:0,_ZN7testing8internal21UniversalTersePrinterIbE5PrintERKbPSo
FNDA:0,_ZN7testing8internal21UniversalTersePrinterIiE5PrintERKiPSo
FNDA:0,_ZN7testing8internal21UniversalTersePrinterImE5PrintERKmPSo
FNDA:0,_ZN7testing8internal21UniversalTersePrinterIPKcE5PrintES3_PSo
FNDA:0,_ZN7testing8internal14UniversalPrintIN8nlohmann16json_abi_v3_11_310basic_jsonISt3mapSt6vectorNSt7__cxx1112basic_stringIcSt11char_traitsIcESaIcEEEblmdSaNS3_14adl_serializerES6_IhSaIhEEvEEEEvRKT_PSo
FNDA:0,_ZN7testing8internal14UniversalPrintINSt7__cxx1112basic_stringIcSt11char_traitsIcESaIcEEEEEvRKT_PSo
FNDA:0,_ZN7testing8internal14UniversalPrintIbEEvRKT_PSo
FNDA:0,_ZN7testing8internal14UniversalPrintIiEEvRKT_PSo
FNDA:0,_ZN7testing8internal14UniversalPrintImEEvRKT_PSo
FNF:54
FNH:0
DA:213,0
DA:216,0
DA:217,0
DA:305,0
DA:311,0
DA:312,0
DA:332,0
DA:333,0
DA:341,0
DA:342,0
DA:386,0
DA:412,0
DA:414,0
DA:439,0
DA:440,0
DA:441,0
DA:458,0
DA:459,0
DA:460,0
DA:554,0
DA:555,0
DA:556,0
DA:693,0
DA:702,0
DA:703,0
DA:883,0
DA:884,0
DA:885,0
DA:904,0
DA:905,0
DA:906,0
DA:908,0
DA:910,0
DA:995,0
DA:999,0
DA:1000,0
DA:1035,0
DA:1036,0
DA:1037,0
DA:1038,0
DA:1039,0
LF:41
LH:0
end_of_record
TN:
SF:/home/fares/Desktop/NeuroClues/build/_deps/googletest-src/googletest/include/gtest/gtest.h
FN:1338,1344,_ZN7testing8internal18CmpHelperEQFailureIN8nlohmann16json_abi_v3_11_310basic_jsonISt3mapSt6vectorNSt7__cxx1112basic_stringIcSt11char_traitsIcESaIcEEEblmdSaNS3_14adl_serializerES6_IhSaIhEEvEEbEENS_15AssertionResultEPKcSJ_RKT_RKT0_
FN:1338,1344,_ZN7testing8internal18CmpHelperEQFailureINSt7__cxx1112basic_stringIcSt11char_traitsIcESaIcEEEA1_cEENS_15AssertionResultEPKcSB_RKT_RKT0_
FN:1338,1344,_ZN7testing8internal18CmpHelperEQFailureINSt7__cxx1112basic_stringIcSt11char_traitsIcESaIcEEEA4_cEENS_15AssertionResultEPKcSB_RKT_RKT0_
FN:1338,1344,_ZN7testing8internal18CmpHelperEQFailureINSt7__cxx1112basic_stringIcSt11char_traitsIcESaIcEEEA5_cEENS_15AssertionResultEPKcSB_RKT_RKT0_
FN:1355,1363,_ZN7testing8internal11CmpHelperEQIN8nlohmann16json_abi_v3_11_310basic_jsonISt3mapSt6vectorNSt7__cxx1112basic_stringIcSt11char_traitsIcESaIcEEEblmdSaNS3_14adl_serializerES6_IhSaIhEEvEEbEENS_15AssertionResultEPKcSJ_RKT_RKT0_
FN:1355,1363,_ZN7testing8internal11CmpHelperEQINSt7__cxx1112basic_stringIcSt11char_traitsIcESaIcEEEA1_cEENS_15AssertionResultEPKcSB_RKT_RKT0_
FN:1355,1363,_ZN7testing8internal11CmpHelperEQINSt7__cxx1112basic_stringIcSt11char_traitsIcESaIcEEEA4_cEENS_15AssertionResultEPKcSB_RKT_RKT0_
FN:1355,1363,_ZN7testing8internal11CmpHelperEQINSt7__cxx1112basic_stringIcSt11char_traitsIcESaIcEEEA5_cEENS_15AssertionResultEPKcSB_RKT_RKT0_
FN:1374,1378,_ZN7testing8internal8EqHelper7CompareIN8nlohmann16json_abi_v3_11_310basic_jsonISt3mapSt6vectorNSt7__cxx1112basic_stringIcSt11char_traitsIcESaIcEEEblmdSaNS4_14adl_serializerES7_IhSaIhEEvEEbLPv0EEENS_15AssertionResultEPKcSL_RKT_RKT0_
FN:1374,1378,_ZN7testing8internal8EqHelper7CompareINSt7__cxx1112basic_stringIcSt11char_traitsIcESaIcEEEA1_cLPv0EEENS_15AssertionResultEPKcSD_RKT_RKT0_
FN:1374,1378,_ZN7testing8internal8EqHelper7CompareINSt7__cxx1112basic_stringIcSt11char_traitsIcESaIcEEEA4_cLPv0EEENS_15AssertionResultEPKcSD_RKT_RKT0_
FN:1374,1378,_ZN7testing8internal8EqHelper7CompareINSt7__cxx1112basic_stringIcSt11char_traitsIcESaIcEEEA5_cLPv0EEENS_15AssertionResultEPKcSD_RKT_RKT0_
FN:1407,1414,_ZN7testing8internal18CmpHelperOpFailureImiEENS_15AssertionResultEPKcS4_RKT_RKT0_S4_
FN:1442,1442,_ZN7testing8internal11CmpHelperGEImiEENS_15AssertionResultEPKcS4_RKT_RKT0_
FN:244,244,_ZN7testing4Test14SetUpTestSuiteEv
FN:252,252,_ZN7testing4Test17TearDownTestSuiteEv
FN:257,257,_ZN7testing4Test16TearDownTestCaseEv
FN:258,258,_ZN7testing4Test13SetUpTestCaseEv
FN:339,339,_ZN7testing4Test5SetupEv
FNDA:0,_ZN7testing8internal18CmpHelperEQFailureIN8nlohmann16json_abi_v3_11_310basic_jsonISt3mapSt6vectorNSt7__cxx1112basic_stringIcSt11char_traitsIcESaIcEEEblmdSaNS3_14adl_serializerES6_IhSaIhEEvEEbEENS_15AssertionResultEPKcSJ_RKT_RKT0_
FNDA:0,_ZN7testing8internal18CmpHelperEQFailureINSt7__cxx1112basic_stringIcSt11char_traitsIcESaIcEEEA1_cEENS_15AssertionResultEPKcSB_RKT_RKT0_
FNDA:0,_ZN7testing8internal18CmpHelperEQFailureINSt7__cxx1112basic_stringIcSt11char_traitsIcESaIcEEEA4_cEENS_15AssertionResultEPKcSB_RKT_RKT0_
FNDA:0,_ZN7testing8internal18CmpHelperEQFailureINSt7__cxx1112basic_stringIcSt11char_traitsIcESaIcEEEA5_cEENS_15AssertionResultEPKcSB_RKT_RKT0_
FNDA:4,_ZN7testing8internal11CmpHelperEQIN8nlohmann16json_abi_v3_11_310basic_jsonISt3mapSt6vectorNSt7__cxx1112basic_stringIcSt11char_traitsIcESaIcEEEblmdSaNS3_14adl_serializerES6_IhSaIhEEvEEbEENS_15AssertionResultEPKcSJ_RKT_RKT0_
FNDA:4,_ZN7testing8internal11CmpHelperEQINSt7__cxx1112basic_stringIcSt11char_traitsIcESaIcEEEA1_cEENS_15AssertionResultEPKcSB_RKT_RKT0_
FNDA:2,_ZN7testing8internal11CmpHelperEQINSt7__cxx1112basic_stringIcSt11char_traitsIcESaIcEEEA4_cEENS_15AssertionResultEPKcSB_RKT_RKT0_
FNDA:3,_ZN7testing8internal11CmpHelperEQINSt7__cxx1112basic_stringIcSt11char_traitsIcESaIcEEEA5_cEENS_15AssertionResultEPKcSB_RKT_RKT0_
FNDA:4,_ZN7testing8internal8EqHelper7CompareIN8nlohmann16json_abi_v3_11_310basic_jsonISt3mapSt6vectorNSt7__cxx1112basic_stringIcSt11char_traitsIcESaIcEEEblmdSaNS4_14adl_serializerES7_IhSaIhEEvEEbLPv0EEENS_15AssertionResultEPKcSL_RKT_RKT0_
FNDA:4,_ZN7testing8internal8EqHelper7CompareINSt7__cxx1112basic_stringIcSt11char_traitsIcESaIcEEEA1_cLPv0EEENS_15AssertionResultEPKcSD_RKT_RKT0_
FNDA:2,_ZN7testing8internal8EqHelper7CompareINSt7__cxx1112basic_stringIcSt11char_traitsIcESaIcEEEA4_cLPv0EEENS_15AssertionResultEPKcSD_RKT_RKT0_
FNDA:3,_ZN7testing8internal8EqHelper7CompareINSt7__cxx1112basic_stringIcSt11char_traitsIcESaIcEEEA5_cLPv0EEENS_15AssertionResultEPKcSD_RKT_RKT0_
FNDA:0,_ZN7testing8internal18CmpHelperOpFailureImiEENS_15AssertionResultEPKcS4_RKT_RKT0_S4_
FNDA:4,_ZN7testing8internal11CmpHelperGEImiEENS_15AssertionResultEPKcS4_RKT_RKT0_
FNDA:0,_ZN7testing4Test14SetUpTestSuiteEv
FNDA:0,_ZN7testing4Test17TearDownTestSuiteEv
FNDA:0,_ZN7testing4Test16TearDownTestCaseEv
FNDA:0,_ZN7testing4Test13SetUpTestCaseEv
FNDA:0,_ZN7testing4Test5SetupEv
FNF:19
FNH:9
DA:244,0
DA:252,0
DA:257,0
DA:258,0
DA:339,0
DA:1338,0
DA:1343,0
DA:1355,13
DA:1358,13
DA:1359,13
DA:1362,0
DA:1374,13
DA:1377,13
DA:1407,0
DA:1411,0
DA:1412,0
DA:1413,0
DA:1442,4
LF:18
LH:6
end_of_record
TN:
SF:/home/fares/Desktop/NeuroClues/build/_deps/googletest-src/googletest/include/gtest/internal/gtest-internal.h
FN:450,450,_ZN7testing8internal15TestFactoryBaseD0Ev
FN:450,450,_ZN7testing8internal15TestFactoryBaseD2Ev
FN:457,457,_ZN7testing8internal15TestFactoryBaseC2Ev
FN:469,469,_ZN7testing8internal15TestFactoryImplI33UtilityTest_HandlesEdgeCases_TestE10CreateTestEv
FN:469,469,_ZN7testing8internal15TestFactoryImplI34UtilityTest_ExtractsExtension_TestE10CreateTestEv
FN:469,469,_ZN7testing8internal15TestFactoryImplI35CSVHandlerTest_CanReadValidCSV_TestE10CreateTestEv
FN:469,469,_ZN7testing8internal15TestFactoryImplI37JSONHandlerTest_CanReadValidJSON_TestE10CreateTestEv
FN:469,469,_ZN7testing8internal15TestFactoryImplI38JSONHandlerTest_CanWriteValidJSON_TestE10CreateTestEv
FN:469,469,_ZN7testing8internal15TestFactoryImplI39CSVHandlerTest_FullWorkflowWithCSV_TestE10CreateTestEv
FN:469,469,_ZN7testing8internal15TestFactoryImplI39JSONHandlerTest_FailsOnMissingFile_TestE10CreateTestEv
FN:469,469,_ZN7testing8internal15TestFactoryImplI40CSVHandlerTest_CanWriteProcessedCSV_TestE10CreateTestEv
FN:469,469,_ZN7testing8internal15TestFactoryImplI41CSVHandlerTest_FailsOnMissingCSVFile_TestE10CreateTestEv
FN:469,469,_ZN7testing8internal15TestFactoryImplI41JSONHandlerTest_FailsOnMalformedJSON_TestE10CreateTestEv
FN:469,469,_ZN7testing8internal15TestFactoryImplI44JSONHandlerTest_FullWorkflowIntegration_TestE10CreateTestEv
FN:469,469,_ZN7testing8internal15TestFactoryImplI46CSVHandlerTest_AddsCorrectTimestampFormat_TestE10CreateTestEv
FN:469,469,_ZN7testing8internal15TestFactoryImplI48CSVHandlerTest_AddsProcessedColumnsToHeader_TestE10CreateTestEv
FN:469,469,_ZN7testing8internal15TestFactoryImplI48JSONHandlerTest_AddsValidProcessedTimestamp_TestE10CreateTestEv
FN:469,469,_ZN7testing8internal15TestFactoryImplI50CSVHandlerTest_CalculatesRetinaFocusIntensity_TestE10CreateTestEv
FN:469,469,_ZN7testing8internal15TestFactoryImplI51JSONHandlerTest_HandlesMissingFieldsGracefully_TestE10CreateTestEv
FN:469,469,_ZN7testing8internal15TestFactoryImplI55FileHandlerFactoryTest_ReturnsCorrectFactoryForCSV_TestE10CreateTestEv
FN:469,469,_ZN7testing8internal15TestFactoryImplI56FileHandlerFactoryTest_ReturnsCorrectFactoryForJSON_TestE10CreateTestEv
FN:469,469,_ZN7testing8internal15TestFactoryImplI56FileHandlerFactoryTest_ThrowsForUnsupportedFileType_TestE10CreateTestEv
FN:490,491,_ZN7testing8internal12CodeLocationC2ERKNSt7__cxx1112basic_stringIcSt11char_traitsIcESaIcEEEi
FN:503,506,_ZN7testing8internal19GetNotDefaultOrNullEPFvvES2_
FN:518,537,_ZN7testing8internal16SuiteApiResolverINS_4TestEE19GetSetUpCaseOrSuiteEPKci
FN:539,558,_ZN7testing8internal16SuiteApiResolverINS_4TestEE22GetTearDownCaseOrSuiteEPKci
FN:856,856,_ZN7testing8internal14TrueWithStringC2Ev
FN:859,859,_ZNK7testing8internal14TrueWithStringcvbEv
FNDA:0,_ZN7testing8internal15TestFactoryBaseD0Ev
FNDA:33,_ZN7testing8internal15TestFactoryBaseD2Ev
FNDA:33,_ZN7testing8internal15TestFactoryBaseC2Ev
FNDA:1,_ZN7testing8internal15TestFactoryImplI33UtilityTest_HandlesEdgeCases_TestE10CreateTestEv
FNDA:1,_ZN7testing8internal15TestFactoryImplI34UtilityTest_ExtractsExtension_TestE10CreateTestEv
FNDA:2,_ZN7testing8internal15TestFactoryImplI35CSVHandlerTest_CanReadValidCSV_TestE10CreateTestEv
FNDA:2,_ZN7testing8internal15TestFactoryImplI37JSONHandlerTest_CanReadValidJSON_TestE10CreateTestEv
FNDA:2,_ZN7testing8internal15TestFactoryImplI38JSONHandlerTest_CanWriteValidJSON_TestE10CreateTestEv
FNDA:2,_ZN7testing8internal15TestFactoryImplI39CSVHandlerTest_FullWorkflowWithCSV_TestE10CreateTestEv
FNDA:2,_ZN7testing8internal15TestFactoryImplI39JSONHandlerTest_FailsOnMissingFile_TestE10CreateTestEv
FNDA:2,_ZN7testing8internal15TestFactoryImplI40CSVHandlerTest_CanWriteProcessedCSV_TestE10CreateTestEv
FNDA:2,_ZN7testing8internal15TestFactoryImplI41CSVHandlerTest_FailsOnMissingCSVFile_TestE10CreateTestEv
FNDA:2,_ZN7testing8internal15TestFactoryImplI41JSONHandlerTest_FailsOnMalformedJSON_TestE10CreateTestEv
FNDA:2,_ZN7testing8internal15TestFactoryImplI44JSONHandlerTest_FullWorkflowIntegration_TestE10CreateTestEv
FNDA:2,_ZN7testing8internal15TestFactoryImplI46CSVHandlerTest_AddsCorrectTimestampFormat_TestE10CreateTestEv
FNDA:2,_ZN7testing8internal15TestFactoryImplI48CSVHandlerTest_AddsProcessedColumnsToHeader_TestE10CreateTestEv
FNDA:2,_ZN7testing8internal15TestFactoryImplI48JSONHandlerTest_AddsValidProcessedTimestamp_TestE10CreateTestEv
FNDA:2,_ZN7testing8internal15TestFactoryImplI50CSVHandlerTest_CalculatesRetinaFocusIntensity_TestE10CreateTestEv
FNDA:2,_ZN7testing8internal15TestFactoryImplI51JSONHandlerTest_HandlesMissingFieldsGracefully_TestE10CreateTestEv
FNDA:1,_ZN7testing8internal15TestFactoryImplI55FileHandlerFactoryTest_ReturnsCorrectFactoryForCSV_TestE10CreateTestEv
FNDA:1,_ZN7testing8internal15TestFactoryImplI56FileHandlerFactoryTest_ReturnsCorrectFactoryForJSON_TestE10CreateTestEv
FNDA:1,_ZN7testing8internal15TestFactoryImplI56FileHandlerFactoryTest_ThrowsForUnsupportedFileType_TestE10CreateTestEv
FNDA:33,_ZN7testing8internal12CodeLocationC2ERKNSt7__cxx1112basic_stringIcSt11char_traitsIcESaIcEEEi
FNDA:132,_ZN7testing8internal19GetNotDefaultOrNullEPFvvES2_
FNDA:33,_ZN7testing8internal16SuiteApiResolverINS_4TestEE19GetSetUpCaseOrSuiteEPKci
FNDA:33,_ZN7testing8internal16SuiteApiResolverINS_4TestEE22GetTearDownCaseOrSuiteEPKci
FNDA:21,_ZN7testing8internal14TrueWithStringC2Ev
FNDA:21,_ZNK7testing8internal14TrueWithStringcvbEv
FNF:28
FNH:27
DA:450,33
DA:457,33
DA:469,33
DA:490,33
DA:491,33
DA:503,132
DA:505,132
DA:518,33
DA:522,33
DA:524,33
DA:526,33
DA:529,0
DA:531,33
DA:539,33
DA:543,33
DA:545,33
DA:547,33
DA:550,0
DA:552,33
DA:856,21
DA:859,21
LF:21
LH:19
end_of_record
TN:
SF:/home/fares/Desktop/NeuroClues/build/_deps/googletest-src/googletest/include/gtest/internal/gtest-port.h
FN:967,967,_ZN7testing8internal8GTestLog9GetStreamEv
FNDA:0,_ZN7testing8internal8GTestLog9GetStreamEv
FNF:1
FNH:0
DA:967,0
LF:1
LH:0
end_of_record
TN:
SF:/home/fares/Desktop/NeuroClues/build/_deps/googletest-src/googletest/include/gtest/internal/gtest-type-util.h
FN:57,67,_ZN7testing8internal31CanonicalizeForStdLibVersioningENSt7__cxx1112basic_stringIcSt11char_traitsIcESaIcEEE
FN:71,87,_ZN7testing8internal11GetTypeNameB5cxx11ERKSt9type_info
FNDA:0,_ZN7testing8internal31CanonicalizeForStdLibVersioningENSt7__cxx1112basic_stringIcSt11char_traitsIcESaIcEEE
FNDA:0,_ZN7testing8internal11GetTypeNameB5cxx11ERKSt9type_info
FNF:2
FNH:0
DA:57,0
DA:59,0
DA:60,0
DA:61,0
DA:63,0
DA:66,0
DA:71,0
DA:72,0
DA:74,0
DA:80,0
DA:81,0
DA:82,0
DA:83,0
DA:87,0
LF:14
LH:0
end_of_record
TN:
SF:/home/fares/Desktop/NeuroClues/include/CSVHandler.h
FNF:0
FNH:0
LF:0
LH:0
end_of_record
TN:
SF:/home/fares/Desktop/NeuroClues/include/CSVHandlerFactory.h
FN:6,8,_ZNK17CSVHandlerFactory13createHandlerEv
FNDA:2,_ZNK17CSVHandlerFactory13createHandlerEv
FNF:1
FNH:1
DA:6,2
DA:7,2
LF:2
LH:2
end_of_record
TN:
SF:/home/fares/Desktop/NeuroClues/include/FileHandler.h
FN:8,8,_ZN11FileHandlerD0Ev
FN:8,8,_ZN11FileHandlerD2Ev
FNDA:0,_ZN11FileHandlerD0Ev
FNDA:28,_ZN11FileHandlerD2Ev
FNF:2
FNH:1
DA:8,28
LF:1
LH:1
end_of_record
TN:
SF:/home/fares/Desktop/NeuroClues/include/FileHandlerFactory.h
FN:11,11,_ZN18FileHandlerFactoryD0Ev
FN:11,11,_ZN18FileHandlerFactoryD2Ev
FNDA:0,_ZN18FileHandlerFactoryD0Ev
FNDA:6,_ZN18FileHandlerFactoryD2Ev
FNF:2
FNH:1
DA:11,6
LF:1
LH:1
end_of_record
TN:
SF:/home/fares/Desktop/NeuroClues/include/JSONHandler.h
FNF:0
FNH:0
LF:0
LH:0
end_of_record
TN:
SF:/home/fares/Desktop/NeuroClues/include/JSONHandlerFactory.h
FN:6,8,_ZNK18JSONHandlerFactory13createHandlerEv
FNDA:2,_ZNK18JSONHandlerFactory13createHandlerEv
FNF:1
FNH:1
DA:6,2
DA:7,2
LF:2
LH:2
end_of_record
TN:
SF:/home/fares/Desktop/NeuroClues/include/nlohmann/json.hpp
FN:12307,12317,_ZN8nlohmann16json_abi_v3_11_36detail6parserINS0_10basic_jsonISt3mapSt6vectorNSt7__cxx1112basic_stringIcSt11char_traitsIcESaIcEEEblmdSaNS0_14adl_serializerES5_IhSaIhEEvEENS1_20input_stream_adapterEEC2EOSG_St8functionIFbiNS1_13parse_event_tERSF_EEbb
FN:12329,12381,_ZN8nlohmann16json_abi_v3_11_36detail6parserINS0_10basic_jsonISt3mapSt6vectorNSt7__cxx1112basic_stringIcSt11char_traitsIcESaIcEEEblmdSaNS0_14adl_serializerES5_IhSaIhEEvEENS1_20input_stream_adapterEE5parseEbRSF_
FN:12416,12706,_ZN8nlohmann16json_abi_v3_11_36detail6parserINS0_10basic_jsonISt3mapSt6vectorNSt7__cxx1112basic_stringIcSt11char_traitsIcESaIcEEEblmdSaNS0_14adl_serializerES5_IhSaIhEEvEENS1_20input_stream_adapterEE18sax_parse_internalINS1_19json_sax_dom_parserISF_EEEEbPT_
FN:12416,12706,_ZN8nlohmann16json_abi_v3_11_36detail6parserINS0_10basic_jsonISt3mapSt6vectorNSt7__cxx1112basic_stringIcSt11char_traitsIcESaIcEEEblmdSaNS0_14adl_serializerES5_IhSaIhEEvEENS1_20input_stream_adapterEE18sax_parse_internalINS1_28json_sax_dom_callback_parserISF_EEEEbPT_
FN:12709,12712,_ZN8nlohmann16json_abi_v3_11_36detail6parserINS0_10basic_jsonISt3mapSt6vectorNSt7__cxx1112basic_stringIcSt11char_traitsIcESaIcEEEblmdSaNS0_14adl_serializerES5_IhSaIhEEvEENS1_20input_stream_adapterEE9get_tokenEv
FN:12714,12741,_ZN8nlohmann16json_abi_v3_11_36detail6parserINS0_10basic_jsonISt3mapSt6vectorNSt7__cxx1112basic_stringIcSt11char_traitsIcESaIcEEEblmdSaNS0_14adl_serializerES5_IhSaIhEEvEENS1_20input_stream_adapterEE17exception_messageENS1_10lexer_baseISF_E10token_typeERKSB_
FN:12818,12821,_ZN8nlohmann16json_abi_v3_11_36detail20primitive_iterator_t9set_beginEv
FN:12824,12827,_ZN8nlohmann16json_abi_v3_11_36detail20primitive_iterator_t7set_endEv
FN:12830,12833,_ZNK8nlohmann16json_abi_v3_11_36detail20primitive_iterator_t8is_beginEv
FN:12841,12844,_ZN8nlohmann16json_abi_v3_11_36detaileqENS1_20primitive_iterator_tES2_
FN:12863,12867,_ZN8nlohmann16json_abi_v3_11_36detail20primitive_iterator_tppEv
FN:13036,13068,_ZN8nlohmann16json_abi_v3_11_36detail9iter_implINS0_10basic_jsonISt3mapSt6vectorNSt7__cxx1112basic_stringIcSt11char_traitsIcESaIcEEEblmdSaNS0_14adl_serializerES5_IhSaIhEEvEEEC2EPSF_
FN:13111,13113,_ZN8nlohmann16json_abi_v3_11_36detail9iter_implINS0_10basic_jsonISt3mapSt6vectorNSt7__cxx1112basic_stringIcSt11char_traitsIcESaIcEEEblmdSaNS0_14adl_serializerES5_IhSaIhEEvEEEC2ERKSG_
FN:13133,13171,_ZN8nlohmann16json_abi_v3_11_36detail9iter_implINS0_10basic_jsonISt3mapSt6vectorNSt7__cxx1112basic_stringIcSt11char_traitsIcESaIcEEEblmdSaNS0_14adl_serializerES5_IhSaIhEEvEEE9set_beginEv
FN:13177,13209,_ZN8nlohmann16json_abi_v3_11_36detail9iter_implINS0_10basic_jsonISt3mapSt6vectorNSt7__cxx1112basic_stringIcSt11char_traitsIcESaIcEEEblmdSaNS0_14adl_serializerES5_IhSaIhEEvEEE7set_endEv
FN:13216,13254,_ZNK8nlohmann16json_abi_v3_11_36detail9iter_implINS0_10basic_jsonISt3mapSt6vectorNSt7__cxx1112basic_stringIcSt11char_traitsIcESaIcEEEblmdSaNS0_14adl_serializerES5_IhSaIhEEvEEEdeEv
FN:13260,13296,_ZNK8nlohmann16json_abi_v3_11_36detail9iter_implINS0_10basic_jsonISt3mapSt6vectorNSt7__cxx1112basic_stringIcSt11char_traitsIcESaIcEEEblmdSaNS0_14adl_serializerES5_IhSaIhEEvEEEptEv
FN:13313,13347,_ZN8nlohmann16json_abi_v3_11_36detail9iter_implINS0_10basic_jsonISt3mapSt6vectorNSt7__cxx1112basic_stringIcSt11char_traitsIcESaIcEEEblmdSaNS0_14adl_serializerES5_IhSaIhEEvEEEppEv
FN:13405,13434,_ZNK8nlohmann16json_abi_v3_11_36detail9iter_implINS0_10basic_jsonISt3mapSt6vectorNSt7__cxx1112basic_stringIcSt11char_traitsIcESaIcEEEblmdSaNS0_14adl_serializerES5_IhSaIhEEvEEEeqISG_LDnEEEbRKT_
FN:13441,13444,_ZNK8nlohmann16json_abi_v3_11_36detail9iter_implINS0_10basic_jsonISt3mapSt6vectorNSt7__cxx1112basic_stringIcSt11char_traitsIcESaIcEEEblmdSaNS0_14adl_serializerES5_IhSaIhEEvEEEneISG_LDnEEEbRKT_
FN:14918,14925,_ZNK8nlohmann16json_abi_v3_11_36detail8json_refINS0_10basic_jsonISt3mapSt6vectorNSt7__cxx1112basic_stringIcSt11char_traitsIcESaIcEEEblmdSaNS0_14adl_serializerES5_IhSaIhEEvEEE15moved_or_copiedEv
FN:14927,14930,_ZNK8nlohmann16json_abi_v3_11_36detail8json_refINS0_10basic_jsonISt3mapSt6vectorNSt7__cxx1112basic_stringIcSt11char_traitsIcESaIcEEEblmdSaNS0_14adl_serializerES5_IhSaIhEEvEEEdeEv
FN:14932,14935,_ZNK8nlohmann16json_abi_v3_11_36detail8json_refINS0_10basic_jsonISt3mapSt6vectorNSt7__cxx1112basic_stringIcSt11char_traitsIcESaIcEEEblmdSaNS0_14adl_serializerES5_IhSaIhEEvEEEptEv
FN:15016,15016,_ZN8nlohmann16json_abi_v3_11_36detail23output_adapter_protocolIcED0Ev
FN:15016,15016,_ZN8nlohmann16json_abi_v3_11_36detail23output_adapter_protocolIcED2Ev
FN:15018,15018,_ZN8nlohmann16json_abi_v3_11_36detail23output_adapter_protocolIcEC2Ev
FN:15059,15061,_ZN8nlohmann16json_abi_v3_11_36detail21output_stream_adapterIcEC2ERSo
FN:15063,15066,_ZN8nlohmann16json_abi_v3_11_36detail21output_stream_adapterIcE15write_characterEc
FN:15069,15072,_ZN8nlohmann16json_abi_v3_11_36detail21output_stream_adapterIcE16write_charactersEPKcm
FN:15084,15086,_ZN8nlohmann16json_abi_v3_11_36detail21output_string_adapterIcNSt7__cxx1112basic_stringIcSt11char_traitsIcESaIcEEEEC2ERS8_
FN:15088,15091,_ZN8nlohmann16json_abi_v3_11_36detail21output_string_adapterIcNSt7__cxx1112basic_stringIcSt11char_traitsIcESaIcEEEE15write_characterEc
FN:15094,15097,_ZN8nlohmann16json_abi_v3_11_36detail21output_string_adapterIcNSt7__cxx1112basic_stringIcSt11char_traitsIcESaIcEEEE16write_charactersEPKcm
FN:15112,15113,_ZN8nlohmann16json_abi_v3_11_36detail14output_adapterIcNSt7__cxx1112basic_stringIcSt11char_traitsIcESaIcEEEEC2ERSo
FN:15116,15117,_ZN8nlohmann16json_abi_v3_11_36detail14output_adapterIcNSt7__cxx1112basic_stringIcSt11char_traitsIcESaIcEEEEC2ERS8_
FN:15119,15122,_ZN8nlohmann16json_abi_v3_11_36detail14output_adapterIcNSt7__cxx1112basic_stringIcSt11char_traitsIcESaIcEEEEcvSt10shared_ptrINS1_23output_adapter_protocolIcEEEEv
FN:16931,16934,_ZN8nlohmann16json_abi_v3_11_36detail13binary_writerINS0_10basic_jsonISt3mapSt6vectorNSt7__cxx1112basic_stringIcSt11char_traitsIcESaIcEEEblmdSaNS0_14adl_serializerES5_IhSaIhEEvEEcE12to_char_typeIccLPv0EEEcT_
FN:17023,17030,_ZN8nlohmann16json_abi_v3_11_36detail9dtoa_impl16reinterpret_bitsImdEET_T0_
FN:17039,17039,_ZN8nlohmann16json_abi_v3_11_36detail9dtoa_impl5diyfpC2Emi
FN:17045,17051,_ZN8nlohmann16json_abi_v3_11_36detail9dtoa_impl5diyfp3subERKS3_S5_
FN:17057,17116,_ZN8nlohmann16json_abi_v3_11_36detail9dtoa_impl5diyfp3mulERKS3_S5_
FN:17122,17133,_ZN8nlohmann16json_abi_v3_11_36detail9dtoa_impl5diyfp9normalizeES3_
FN:17139,17147,_ZN8nlohmann16json_abi_v3_11_36detail9dtoa_impl5diyfp12normalize_toERKS3_i
FN:17164,17229,_ZN8nlohmann16json_abi_v3_11_36detail9dtoa_impl18compute_boundariesIdEENS2_10boundariesET_
FN:17303,17461,_ZN8nlohmann16json_abi_v3_11_36detail9dtoa_impl36get_cached_power_for_binary_exponentEi
FN:17467,17519,_ZN8nlohmann16json_abi_v3_11_36detail9dtoa_impl18find_largest_pow10EjRj
FN:17521,17556,_ZN8nlohmann16json_abi_v3_11_36detail9dtoa_impl12grisu2_roundEPcimmmm
FN:17562,17795,_ZN8nlohmann16json_abi_v3_11_36detail9dtoa_impl16grisu2_digit_genEPcRiS4_NS2_5diyfpES5_S5_
FN:17803,17854,_ZN8nlohmann16json_abi_v3_11_36detail9dtoa_impl6grisu2EPcRiS4_NS2_5diyfpES5_S5_
FN:17863,17894,_ZN8nlohmann16json_abi_v3_11_36detail9dtoa_impl6grisu2IdEEvPcRiS5_T_
FN:17903,17942,_ZN8nlohmann16json_abi_v3_11_36detail9dtoa_impl15append_exponentEPci
FN:17955,18023,_ZN8nlohmann16json_abi_v3_11_36detail9dtoa_impl13format_bufferEPciiii
FN:18040,18090,_ZN8nlohmann16json_abi_v3_11_36detail8to_charsIdEEPcS3_PKcT_
FN:18143,18152,_ZN8nlohmann16json_abi_v3_11_36detail10serializerINS0_10basic_jsonISt3mapSt6vectorNSt7__cxx1112basic_stringIcSt11char_traitsIcESaIcEEEblmdSaNS0_14adl_serializerES5_IhSaIhEEvEEEC2ESt10shared_ptrINS1_23output_adapter_protocolIcEEEcNS1_15error_handler_tE
FN:18159,18159,_ZN8nlohmann16json_abi_v3_11_36detail10serializerINS0_10basic_jsonISt3mapSt6vectorNSt7__cxx1112basic_stringIcSt11char_traitsIcESaIcEEEblmdSaNS0_14adl_serializerES5_IhSaIhEEvEEED2Ev
FN:18183,18450,_ZN8nlohmann16json_abi_v3_11_36detail10serializerINS0_10basic_jsonISt3mapSt6vectorNSt7__cxx1112basic_stringIcSt11char_traitsIcESaIcEEEblmdSaNS0_14adl_serializerES5_IhSaIhEEvEEE4dumpERKSF_bbjj
FN:18467,18711,_ZN8nlohmann16json_abi_v3_11_36detail10serializerINS0_10basic_jsonISt3mapSt6vectorNSt7__cxx1112basic_stringIcSt11char_traitsIcESaIcEEEblmdSaNS0_14adl_serializerES5_IhSaIhEEvEEE12dump_escapedERKSB_b
FN:18722,18746,_ZN8nlohmann16json_abi_v3_11_36detail10serializerINS0_10basic_jsonISt3mapSt6vectorNSt7__cxx1112basic_stringIcSt11char_traitsIcESaIcEEEblmdSaNS0_14adl_serializerES5_IhSaIhEEvEEE12count_digitsEm
FN:18753,18760,_ZN8nlohmann16json_abi_v3_11_36detail10serializerINS0_10basic_jsonISt3mapSt6vectorNSt7__cxx1112basic_stringIcSt11char_traitsIcESaIcEEEblmdSaNS0_14adl_serializerES5_IhSaIhEEvEEE9hex_bytesEh
FN:18764,18767,_ZN8nlohmann16json_abi_v3_11_36detail10serializerINS0_10basic_jsonISt3mapSt6vectorNSt7__cxx1112basic_stringIcSt11char_traitsIcESaIcEEEblmdSaNS0_14adl_serializerES5_IhSaIhEEvEEE18is_negative_numberIlLi0EEEbT_
FN:18770,18773,_ZN8nlohmann16json_abi_v3_11_36detail10serializerINS0_10basic_jsonISt3mapSt6vectorNSt7__cxx1112basic_stringIcSt11char_traitsIcESaIcEEEblmdSaNS0_14adl_serializerES5_IhSaIhEEvEEE18is_negative_numberIhLi0EEEbT_
FN:18770,18773,_ZN8nlohmann16json_abi_v3_11_36detail10serializerINS0_10basic_jsonISt3mapSt6vectorNSt7__cxx1112basic_stringIcSt11char_traitsIcESaIcEEEblmdSaNS0_14adl_serializerES5_IhSaIhEEvEEE18is_negative_numberImLi0EEEbT_
FN:18790,18865,_ZN8nlohmann16json_abi_v3_11_36detail10serializerINS0_10basic_jsonISt3mapSt6vectorNSt7__cxx1112basic_stringIcSt11char_traitsIcESaIcEEEblmdSaNS0_14adl_serializerES5_IhSaIhEEvEEE12dump_integerIhLi0EEEvT_
FN:18790,18865,_ZN8nlohmann16json_abi_v3_11_36detail10serializerINS0_10basic_jsonISt3mapSt6vectorNSt7__cxx1112basic_stringIcSt11char_traitsIcESaIcEEEblmdSaNS0_14adl_serializerES5_IhSaIhEEvEEE12dump_integerIlLi0EEEvT_
FN:18790,18865,_ZN8nlohmann16json_abi_v3_11_36detail10serializerINS0_10basic_jsonISt3mapSt6vectorNSt7__cxx1112basic_stringIcSt11char_traitsIcESaIcEEEblmdSaNS0_14adl_serializerES5_IhSaIhEEvEEE12dump_integerImLi0EEEvT_
FN:18875,18894,_ZN8nlohmann16json_abi_v3_11_36detail10serializerINS0_10basic_jsonISt3mapSt6vectorNSt7__cxx1112basic_stringIcSt11char_traitsIcESaIcEEEblmdSaNS0_14adl_serializerES5_IhSaIhEEvEEE10dump_floatEd
FN:18896,18902,_ZN8nlohmann16json_abi_v3_11_36detail10serializerINS0_10basic_jsonISt3mapSt6vectorNSt7__cxx1112basic_stringIcSt11char_traitsIcESaIcEEEblmdSaNS0_14adl_serializerES5_IhSaIhEEvEEE10dump_floatEdSt17integral_constantIbLb1EE
FN:18976,19009,_ZN8nlohmann16json_abi_v3_11_36detail10serializerINS0_10basic_jsonISt3mapSt6vectorNSt7__cxx1112basic_stringIcSt11char_traitsIcESaIcEEEblmdSaNS0_14adl_serializerES5_IhSaIhEEvEEE6decodeERhRjh
FN:19031,19035,_ZN8nlohmann16json_abi_v3_11_36detail10serializerINS0_10basic_jsonISt3mapSt6vectorNSt7__cxx1112basic_stringIcSt11char_traitsIcESaIcEEEblmdSaNS0_14adl_serializerES5_IhSaIhEEvEEE11remove_signEl
FN:19502,19511,_ZN8nlohmann16json_abi_v3_11_310basic_jsonISt3mapSt6vectorNSt7__cxx1112basic_stringIcSt11char_traitsIcESaIcEEEblmdSaNS0_14adl_serializerES3_IhSaIhEEvE6parserINS0_6detail20input_stream_adapterEEENSF_6parserISD_T_EESI_St8functionIFbiNSF_13parse_event_tERSD_EEbb
FN:19748,19761,_ZN8nlohmann16json_abi_v3_11_310basic_jsonISt3mapSt6vectorNSt7__cxx1112basic_stringIcSt11char_traitsIcESaIcEEEblmdSaNS0_14adl_serializerES3_IhSaIhEEvE6createINS0_27byte_container_with_subtypeISC_EEJEEEPT_DpOT0_
FN:19748,19761,_ZN8nlohmann16json_abi_v3_11_310basic_jsonISt3mapSt6vectorNSt7__cxx1112basic_stringIcSt11char_traitsIcESaIcEEEblmdSaNS0_14adl_serializerES3_IhSaIhEEvE6createINS0_27byte_container_with_subtypeISC_EEJRKSG_EEEPT_DpOT0_
FN:19748,19761,_ZN8nlohmann16json_abi_v3_11_310basic_jsonISt3mapSt6vectorNSt7__cxx1112basic_stringIcSt11char_traitsIcESaIcEEEblmdSaNS0_14adl_serializerES3_IhSaIhEEvE6createIS2_IS9_SD_St4lessIvESaISt4pairIKS9_SD_EEEJEEEPT_DpOT0_
FN:19748,19761,_ZN8nlohmann16json_abi_v3_11_310basic_jsonISt3mapSt6vectorNSt7__cxx1112basic_stringIcSt11char_traitsIcESaIcEEEblmdSaNS0_14adl_serializerES3_IhSaIhEEvE6createIS2_IS9_SD_St4lessIvESaISt4pairIKS9_SD_EEEJRKSL_EEEPT_DpOT0_
FN:19748,19761,_ZN8nlohmann16json_abi_v3_11_310basic_jsonISt3mapSt6vectorNSt7__cxx1112basic_stringIcSt11char_traitsIcESaIcEEEblmdSaNS0_14adl_serializerES3_IhSaIhEEvE6createIS3_ISD_SaISD_EEJEEEPT_DpOT0_
FN:19748,19761,_ZN8nlohmann16json_abi_v3_11_310basic_jsonISt3mapSt6vectorNSt7__cxx1112basic_stringIcSt11char_traitsIcESaIcEEEblmdSaNS0_14adl_serializerES3_IhSaIhEEvE6createIS3_ISD_SaISD_EEJPKNS0_6detail8json_refISD_EESL_EEEPT_DpOT0_
FN:19748,19761,_ZN8nlohmann16json_abi_v3_11_310basic_jsonISt3mapSt6vectorNSt7__cxx1112basic_stringIcSt11char_traitsIcESaIcEEEblmdSaNS0_14adl_serializerES3_IhSaIhEEvE6createIS3_ISD_SaISD_EEJRKSG_EEEPT_DpOT0_
FN:19748,19761,_ZN8nlohmann16json_abi_v3_11_310basic_jsonISt3mapSt6vectorNSt7__cxx1112basic_stringIcSt11char_traitsIcESaIcEEEblmdSaNS0_14adl_serializerES3_IhSaIhEEvE6createIS9_JRA1_KcEEEPT_DpOT0_
FN:19748,19761,_ZN8nlohmann16json_abi_v3_11_310basic_jsonISt3mapSt6vectorNSt7__cxx1112basic_stringIcSt11char_traitsIcESaIcEEEblmdSaNS0_14adl_serializerES3_IhSaIhEEvE6createIS9_JRKS9_EEEPT_DpOT0_
FN:19748,19761,_ZN8nlohmann16json_abi_v3_11_310basic_jsonISt3mapSt6vectorNSt7__cxx1112basic_stringIcSt11char_traitsIcESaIcEEEblmdSaNS0_14adl_serializerES3_IhSaIhEEvE6createIS9_JS9_EEEPT_DpOT0_
FN:19753,19753,_ZZN8nlohmann16json_abi_v3_11_310basic_jsonISt3mapSt6vectorNSt7__cxx1112basic_stringIcSt11char_traitsIcESaIcEEEblmdSaNS0_14adl_serializerES3_IhSaIhEEvE6createINS0_27byte_container_with_subtypeISC_EEJEEEPT_DpOT0_ENKUlPSG_E_clESM_
FN:19753,19753,_ZZN8nlohmann16json_abi_v3_11_310basic_jsonISt3mapSt6vectorNSt7__cxx1112basic_stringIcSt11char_traitsIcESaIcEEEblmdSaNS0_14adl_serializerES3_IhSaIhEEvE6createINS0_27byte_container_with_subtypeISC_EEJRKSG_EEEPT_DpOT0_ENKUlPSG_E_clESO_
FN:19753,19753,_ZZN8nlohmann16json_abi_v3_11_310basic_jsonISt3mapSt6vectorNSt7__cxx1112basic_stringIcSt11char_traitsIcESaIcEEEblmdSaNS0_14adl_serializerES3_IhSaIhEEvE6createIS2_IS9_SD_St4lessIvESaISt4pairIKS9_SD_EEEJEEEPT_DpOT0_ENKUlPSL_E_clESR_
FN:19753,19753,_ZZN8nlohmann16json_abi_v3_11_310basic_jsonISt3mapSt6vectorNSt7__cxx1112basic_stringIcSt11char_traitsIcESaIcEEEblmdSaNS0_14adl_serializerES3_IhSaIhEEvE6createIS2_IS9_SD_St4lessIvESaISt4pairIKS9_SD_EEEJRKSL_EEEPT_DpOT0_ENKUlPSL_E_clEST_
FN:19753,19753,_ZZN8nlohmann16json_abi_v3_11_310basic_jsonISt3mapSt6vectorNSt7__cxx1112basic_stringIcSt11char_traitsIcESaIcEEEblmdSaNS0_14adl_serializerES3_IhSaIhEEvE6createIS3_ISD_SaISD_EEJEEEPT_DpOT0_ENKUlPSG_E_clESM_
FN:19753,19753,_ZZN8nlohmann16json_abi_v3_11_310basic_jsonISt3mapSt6vectorNSt7__cxx1112basic_stringIcSt11char_traitsIcESaIcEEEblmdSaNS0_14adl_serializerES3_IhSaIhEEvE6createIS3_ISD_SaISD_EEJPKNS0_6detail8json_refISD_EESL_EEEPT_DpOT0_ENKUlPSG_E_clESR_
FN:19753,19753,_ZZN8nlohmann16json_abi_v3_11_310basic_jsonISt3mapSt6vectorNSt7__cxx1112basic_stringIcSt11char_traitsIcESaIcEEEblmdSaNS0_14adl_serializerES3_IhSaIhEEvE6createIS3_ISD_SaISD_EEJRKSG_EEEPT_DpOT0_ENKUlPSG_E_clESO_
FN:19753,19753,_ZZN8nlohmann16json_abi_v3_11_310basic_jsonISt3mapSt6vectorNSt7__cxx1112basic_stringIcSt11char_traitsIcESaIcEEEblmdSaNS0_14adl_serializerES3_IhSaIhEEvE6createIS9_JRA1_KcEEEPT_DpOT0_ENKUlPS9_E_clESN_
FN:19753,19753,_ZZN8nlohmann16json_abi_v3_11_310basic_jsonISt3mapSt6vectorNSt7__cxx1112basic_stringIcSt11char_traitsIcESaIcEEEblmdSaNS0_14adl_serializerES3_IhSaIhEEvE6createIS9_JRKS9_EEEPT_DpOT0_ENKUlPS9_E_clESM_
FN:19753,19753,_ZZN8nlohmann16json_abi_v3_11_310basic_jsonISt3mapSt6vectorNSt7__cxx1112basic_stringIcSt11char_traitsIcESaIcEEEblmdSaNS0_14adl_serializerES3_IhSaIhEEvE6createIS9_JS9_EEEPT_DpOT0_ENKUlPS9_E_clESK_
FN:19815,19815,_ZN8nlohmann16json_abi_v3_11_310basic_jsonISt3mapSt6vectorNSt7__cxx1112basic_stringIcSt11char_traitsIcESaIcEEEblmdSaNS0_14adl_serializerES3_IhSaIhEEvE10json_valueC2Eb
FN:19817,19817,_ZN8nlohmann16json_abi_v3_11_310basic_jsonISt3mapSt6vectorNSt7__cxx1112basic_stringIcSt11char_traitsIcESaIcEEEblmdSaNS0_14adl_serializerES3_IhSaIhEEvE10json_valueC2El
FN:19819,19819,_ZN8nlohmann16json_abi_v3_11_310basic_jsonISt3mapSt6vectorNSt7__cxx1112basic_stringIcSt11char_traitsIcESaIcEEEblmdSaNS0_14adl_serializerES3_IhSaIhEEvE10json_valueC2Em
FN:19821,19821,_ZN8nlohmann16json_abi_v3_11_310basic_jsonISt3mapSt6vectorNSt7__cxx1112basic_stringIcSt11char_traitsIcESaIcEEEblmdSaNS0_14adl_serializerES3_IhSaIhEEvE10json_valueC2Ed
FN:19823,19892,_ZN8nlohmann16json_abi_v3_11_310basic_jsonISt3mapSt6vectorNSt7__cxx1112basic_stringIcSt11char_traitsIcESaIcEEEblmdSaNS0_14adl_serializerES3_IhSaIhEEvE10json_valueC2ENS0_6detail7value_tE
FN:19895,19895,_ZN8nlohmann16json_abi_v3_11_310basic_jsonISt3mapSt6vectorNSt7__cxx1112basic_stringIcSt11char_traitsIcESaIcEEEblmdSaNS0_14adl_serializerES3_IhSaIhEEvE10json_valueC2ERKS9_
FN:19898,19898,_ZN8nlohmann16json_abi_v3_11_310basic_jsonISt3mapSt6vectorNSt7__cxx1112basic_stringIcSt11char_traitsIcESaIcEEEblmdSaNS0_14adl_serializerES3_IhSaIhEEvE10json_valueC2EOS9_
FN:19901,19901,_ZN8nlohmann16json_abi_v3_11_310basic_jsonISt3mapSt6vectorNSt7__cxx1112basic_stringIcSt11char_traitsIcESaIcEEEblmdSaNS0_14adl_serializerES3_IhSaIhEEvE10json_valueC2ERKS2_IS9_SD_St4lessIvESaISt4pairIKS9_SD_EEE
FN:19907,19907,_ZN8nlohmann16json_abi_v3_11_310basic_jsonISt3mapSt6vectorNSt7__cxx1112basic_stringIcSt11char_traitsIcESaIcEEEblmdSaNS0_14adl_serializerES3_IhSaIhEEvE10json_valueC2ERKS3_ISD_SaISD_EE
FN:19919,19919,_ZN8nlohmann16json_abi_v3_11_310basic_jsonISt3mapSt6vectorNSt7__cxx1112basic_stringIcSt11char_traitsIcESaIcEEEblmdSaNS0_14adl_serializerES3_IhSaIhEEvE10json_valueC2ERKNS0_27byte_container_with_subtypeISC_EE
FN:19924,20030,_ZN8nlohmann16json_abi_v3_11_310basic_jsonISt3mapSt6vectorNSt7__cxx1112basic_stringIcSt11char_traitsIcESaIcEEEblmdSaNS0_14adl_serializerES3_IhSaIhEEvE10json_value7destroyENS0_6detail7value_tE
FN:20052,20071,_ZNK8nlohmann16json_abi_v3_11_310basic_jsonISt3mapSt6vectorNSt7__cxx1112basic_stringIcSt11char_traitsIcESaIcEEEblmdSaNS0_14adl_serializerES3_IhSaIhEEvE16assert_invariantEb
FN:20073,20108,_ZN8nlohmann16json_abi_v3_11_310basic_jsonISt3mapSt6vectorNSt7__cxx1112basic_stringIcSt11char_traitsIcESaIcEEEblmdSaNS0_14adl_serializerES3_IhSaIhEEvE11set_parentsEv
FN:20123,20159,_ZN8nlohmann16json_abi_v3_11_310basic_jsonISt3mapSt6vectorNSt7__cxx1112basic_stringIcSt11char_traitsIcESaIcEEEblmdSaNS0_14adl_serializerES3_IhSaIhEEvE10set_parentERSD_m
FN:20185,20189,_ZN8nlohmann16json_abi_v3_11_310basic_jsonISt3mapSt6vectorNSt7__cxx1112basic_stringIcSt11char_traitsIcESaIcEEEblmdSaNS0_14adl_serializerES3_IhSaIhEEvEC2ENS0_6detail7value_tE
FN:20193,20197,_ZN8nlohmann16json_abi_v3_11_310basic_jsonISt3mapSt6vectorNSt7__cxx1112basic_stringIcSt11char_traitsIcESaIcEEEblmdSaNS0_14adl_serializerES3_IhSaIhEEvEC2EDn
FN:20205,20212,_ZN8nlohmann16json_abi_v3_11_310basic_jsonISt3mapSt6vectorNSt7__cxx1112basic_stringIcSt11char_traitsIcESaIcEEEblmdSaNS0_14adl_serializerES3_IhSaIhEEvEC2IRS9_S9_Li0EEEOT_
FN:20205,20212,_ZN8nlohmann16json_abi_v3_11_310basic_jsonISt3mapSt6vectorNSt7__cxx1112basic_stringIcSt11char_traitsIcESaIcEEEblmdSaNS0_14adl_serializerES3_IhSaIhEEvEC2IRbbLi0EEEOT_
FN:20205,20212,_ZN8nlohmann16json_abi_v3_11_310basic_jsonISt3mapSt6vectorNSt7__cxx1112basic_stringIcSt11char_traitsIcESaIcEEEblmdSaNS0_14adl_serializerES3_IhSaIhEEvEC2IRddLi0EEEOT_
FN:20205,20212,_ZN8nlohmann16json_abi_v3_11_310basic_jsonISt3mapSt6vectorNSt7__cxx1112basic_stringIcSt11char_traitsIcESaIcEEEblmdSaNS0_14adl_serializerES3_IhSaIhEEvEC2IRllLi0EEEOT_
FN:20205,20212,_ZN8nlohmann16json_abi_v3_11_310basic_jsonISt3mapSt6vectorNSt7__cxx1112basic_stringIcSt11char_traitsIcESaIcEEEblmdSaNS0_14adl_serializerES3_IhSaIhEEvEC2IRmmLi0EEEOT_
FN:20205,20212,_ZN8nlohmann16json_abi_v3_11_310basic_jsonISt3mapSt6vectorNSt7__cxx1112basic_stringIcSt11char_traitsIcESaIcEEEblmdSaNS0_14adl_serializerES3_IhSaIhEEvEC2IS9_S9_Li0EEEOT_
FN:20205,20212,_ZN8nlohmann16json_abi_v3_11_310basic_jsonISt3mapSt6vectorNSt7__cxx1112basic_stringIcSt11char_traitsIcESaIcEEEblmdSaNS0_14adl_serializerES3_IhSaIhEEvEC2IbbLi0EEEOT_
FN:20205,20212,_ZN8nlohmann16json_abi_v3_11_310basic_jsonISt3mapSt6vectorNSt7__cxx1112basic_stringIcSt11char_traitsIcESaIcEEEblmdSaNS0_14adl_serializerES3_IhSaIhEEvEC2IddLi0EEEOT_
FN:20272,20326,_ZN8nlohmann16json_abi_v3_11_310basic_jsonISt3mapSt6vectorNSt7__cxx1112basic_stringIcSt11char_traitsIcESaIcEEEblmdSaNS0_14adl_serializerES3_IhSaIhEEvEC2ESt16initializer_listINS0_6detail8json_refISD_EEEbNSF_7value_tE
FN:20279,20279,_ZZN8nlohmann16json_abi_v3_11_310basic_jsonISt3mapSt6vectorNSt7__cxx1112basic_stringIcSt11char_traitsIcESaIcEEEblmdSaNS0_14adl_serializerES3_IhSaIhEEvEC4ESt16initializer_listINS0_6detail8json_refISD_EEEbNSF_7value_tEENKUlRKSH_E_clESL_
FN:20375,20378,_ZN8nlohmann16json_abi_v3_11_310basic_jsonISt3mapSt6vectorNSt7__cxx1112basic_stringIcSt11char_traitsIcESaIcEEEblmdSaNS0_14adl_serializerES3_IhSaIhEEvE5arrayESt16initializer_listINS0_6detail8json_refISD_EEE
FN:20511,20511,_ZN8nlohmann16json_abi_v3_11_310basic_jsonISt3mapSt6vectorNSt7__cxx1112basic_stringIcSt11char_traitsIcESaIcEEEblmdSaNS0_14adl_serializerES3_IhSaIhEEvEC2INS0_6detail8json_refISD_EELi0EEERKT_
FN:20515,20580,_ZN8nlohmann16json_abi_v3_11_310basic_jsonISt3mapSt6vectorNSt7__cxx1112basic_stringIcSt11char_traitsIcESaIcEEEblmdSaNS0_14adl_serializerES3_IhSaIhEEvEC2ERKSD_
FN:20584,20597,_ZN8nlohmann16json_abi_v3_11_310basic_jsonISt3mapSt6vectorNSt7__cxx1112basic_stringIcSt11char_traitsIcESaIcEEEblmdSaNS0_14adl_serializerES3_IhSaIhEEvEC2EOSD_
FN:20601,20620,_ZN8nlohmann16json_abi_v3_11_310basic_jsonISt3mapSt6vectorNSt7__cxx1112basic_stringIcSt11char_traitsIcESaIcEEEblmdSaNS0_14adl_serializerES3_IhSaIhEEvEaSESD_
FN:20624,20627,_ZN8nlohmann16json_abi_v3_11_310basic_jsonISt3mapSt6vectorNSt7__cxx1112basic_stringIcSt11char_traitsIcESaIcEEEblmdSaNS0_14adl_serializerES3_IhSaIhEEvED2Ev
FN:20642,20660,_ZNK8nlohmann16json_abi_v3_11_310basic_jsonISt3mapSt6vectorNSt7__cxx1112basic_stringIcSt11char_traitsIcESaIcEEEblmdSaNS0_14adl_serializerES3_IhSaIhEEvE4dumpEicbNS0_6detail15error_handler_tE
FN:20664,20667,_ZNK8nlohmann16json_abi_v3_11_310basic_jsonISt3mapSt6vectorNSt7__cxx1112basic_stringIcSt11char_traitsIcESaIcEEEblmdSaNS0_14adl_serializerES3_IhSaIhEEvE4typeEv
FN:20678,20681,_ZNK8nlohmann16json_abi_v3_11_310basic_jsonISt3mapSt6vectorNSt7__cxx1112basic_stringIcSt11char_traitsIcESaIcEEEblmdSaNS0_14adl_serializerES3_IhSaIhEEvE13is_structuredEv
FN:20685,20688,_ZNK8nlohmann16json_abi_v3_11_310basic_jsonISt3mapSt6vectorNSt7__cxx1112basic_stringIcSt11char_traitsIcESaIcEEEblmdSaNS0_14adl_serializerES3_IhSaIhEEvE7is_nullEv
FN:20699,20702,_ZNK8nlohmann16json_abi_v3_11_310basic_jsonISt3mapSt6vectorNSt7__cxx1112basic_stringIcSt11char_traitsIcESaIcEEEblmdSaNS0_14adl_serializerES3_IhSaIhEEvE9is_numberEv
FN:20706,20709,_ZNK8nlohmann16json_abi_v3_11_310basic_jsonISt3mapSt6vectorNSt7__cxx1112basic_stringIcSt11char_traitsIcESaIcEEEblmdSaNS0_14adl_serializerES3_IhSaIhEEvE17is_number_integerEv
FN:20713,20716,_ZNK8nlohmann16json_abi_v3_11_310basic_jsonISt3mapSt6vectorNSt7__cxx1112basic_stringIcSt11char_traitsIcESaIcEEEblmdSaNS0_14adl_serializerES3_IhSaIhEEvE18is_number_unsignedEv
FN:20720,20723,_ZNK8nlohmann16json_abi_v3_11_310basic_jsonISt3mapSt6vectorNSt7__cxx1112basic_stringIcSt11char_traitsIcESaIcEEEblmdSaNS0_14adl_serializerES3_IhSaIhEEvE15is_number_floatEv
FN:20727,20730,_ZNK8nlohmann16json_abi_v3_11_310basic_jsonISt3mapSt6vectorNSt7__cxx1112basic_stringIcSt11char_traitsIcESaIcEEEblmdSaNS0_14adl_serializerES3_IhSaIhEEvE9is_objectEv
FN:20734,20737,_ZNK8nlohmann16json_abi_v3_11_310basic_jsonISt3mapSt6vectorNSt7__cxx1112basic_stringIcSt11char_traitsIcESaIcEEEblmdSaNS0_14adl_serializerES3_IhSaIhEEvE8is_arrayEv
FN:20741,20744,_ZNK8nlohmann16json_abi_v3_11_310basic_jsonISt3mapSt6vectorNSt7__cxx1112basic_stringIcSt11char_traitsIcESaIcEEEblmdSaNS0_14adl_serializerES3_IhSaIhEEvE9is_stringEv
FN:20748,20751,_ZNK8nlohmann16json_abi_v3_11_310basic_jsonISt3mapSt6vectorNSt7__cxx1112basic_stringIcSt11char_traitsIcESaIcEEEblmdSaNS0_14adl_serializerES3_IhSaIhEEvE9is_binaryEv
FN:20755,20758,_ZNK8nlohmann16json_abi_v3_11_310basic_jsonISt3mapSt6vectorNSt7__cxx1112basic_stringIcSt11char_traitsIcESaIcEEEblmdSaNS0_14adl_serializerES3_IhSaIhEEvE12is_discardedEv
FN:20762,20765,_ZNK8nlohmann16json_abi_v3_11_310basic_jsonISt3mapSt6vectorNSt7__cxx1112basic_stringIcSt11char_traitsIcESaIcEEEblmdSaNS0_14adl_serializerES3_IhSaIhEEvEcvNS0_6detail7value_tEEv
FN:20816,20819,_ZNK8nlohmann16json_abi_v3_11_310basic_jsonISt3mapSt6vectorNSt7__cxx1112basic_stringIcSt11char_traitsIcESaIcEEEblmdSaNS0_14adl_serializerES3_IhSaIhEEvE12get_impl_ptrEPKS9_
FN:20840,20843,_ZNK8nlohmann16json_abi_v3_11_310basic_jsonISt3mapSt6vectorNSt7__cxx1112basic_stringIcSt11char_traitsIcESaIcEEEblmdSaNS0_14adl_serializerES3_IhSaIhEEvE12get_impl_ptrEPKl
FN:20852,20855,_ZNK8nlohmann16json_abi_v3_11_310basic_jsonISt3mapSt6vectorNSt7__cxx1112basic_stringIcSt11char_traitsIcESaIcEEEblmdSaNS0_14adl_serializerES3_IhSaIhEEvE12get_impl_ptrEPKm
FN:20864,20867,_ZNK8nlohmann16json_abi_v3_11_310basic_jsonISt3mapSt6vectorNSt7__cxx1112basic_stringIcSt11char_traitsIcESaIcEEEblmdSaNS0_14adl_serializerES3_IhSaIhEEvE12get_impl_ptrEPKd
FN:20926,20930,_ZNK8nlohmann16json_abi_v3_11_310basic_jsonISt3mapSt6vectorNSt7__cxx1112basic_stringIcSt11char_traitsIcESaIcEEEblmdSaNS0_14adl_serializerES3_IhSaIhEEvE7get_ptrIPKS9_Li0EEEDTcldtclL_ZSt7declvalIRKSD_EDTcl9__declvalIT_ELi0EEEvEE12get_impl_ptrcl7declvalISK_EEEEv
FN:20926,20930,_ZNK8nlohmann16json_abi_v3_11_310basic_jsonISt3mapSt6vectorNSt7__cxx1112basic_stringIcSt11char_traitsIcESaIcEEEblmdSaNS0_14adl_serializerES3_IhSaIhEEvE7get_ptrIPKdLi0EEEDTcldtclL_ZSt7declvalIRKSD_EDTcl9__declvalIT_ELi0EEEvEE12get_impl_ptrcl7declvalISK_EEEEv
FN:20926,20930,_ZNK8nlohmann16json_abi_v3_11_310basic_jsonISt3mapSt6vectorNSt7__cxx1112basic_stringIcSt11char_traitsIcESaIcEEEblmdSaNS0_14adl_serializerES3_IhSaIhEEvE7get_ptrIPKlLi0EEEDTcldtclL_ZSt7declvalIRKSD_EDTcl9__declvalIT_ELi0EEEvEE12get_impl_ptrcl7declvalISK_EEEEv
FN:20926,20930,_ZNK8nlohmann16json_abi_v3_11_310basic_jsonISt3mapSt6vectorNSt7__cxx1112basic_stringIcSt11char_traitsIcESaIcEEEblmdSaNS0_14adl_serializerES3_IhSaIhEEvE7get_ptrIPKmLi0EEEDTcldtclL_ZSt7declvalIRKSD_EDTcl9__declvalIT_ELi0EEEvEE12get_impl_ptrcl7declvalISK_EEEEv
FN:20976,20982,_ZNK8nlohmann16json_abi_v3_11_310basic_jsonISt3mapSt6vectorNSt7__cxx1112basic_stringIcSt11char_traitsIcESaIcEEEblmdSaNS0_14adl_serializerES3_IhSaIhEEvE8get_implIS9_Li0EEET_NS0_6detail12priority_tagILj0EEE
FN:20976,20982,_ZNK8nlohmann16json_abi_v3_11_310basic_jsonISt3mapSt6vectorNSt7__cxx1112basic_stringIcSt11char_traitsIcESaIcEEEblmdSaNS0_14adl_serializerES3_IhSaIhEEvE8get_implIdLi0EEET_NS0_6detail12priority_tagILj0EEE
FN:21114,21124,_ZNK8nlohmann16json_abi_v3_11_310basic_jsonISt3mapSt6vectorNSt7__cxx1112basic_stringIcSt11char_traitsIcESaIcEEEblmdSaNS0_14adl_serializerES3_IhSaIhEEvE3getIS9_S9_EEDTcldtclL_ZSt7declvalIRKSD_EDTcl9__declvalIT_ELi0EEEvEE8get_implIT0_EcvNS0_6detail12priority_tagILj4EEEilEEEv
FN:21114,21124,_ZNK8nlohmann16json_abi_v3_11_310basic_jsonISt3mapSt6vectorNSt7__cxx1112basic_stringIcSt11char_traitsIcESaIcEEEblmdSaNS0_14adl_serializerES3_IhSaIhEEvE3getIddEEDTcldtclL_ZSt7declvalIRKSD_EDTcl9__declvalIT_ELi0EEEvEE8get_implIT0_EcvNS0_6detail12priority_tagILj4EEEilEEEv
FN:21266,21270,_ZNK8nlohmann16json_abi_v3_11_310basic_jsonISt3mapSt6vectorNSt7__cxx1112basic_stringIcSt11char_traitsIcESaIcEEEblmdSaNS0_14adl_serializerES3_IhSaIhEEvEcvT_IS9_Li0EEEv
FN:21266,21270,_ZNK8nlohmann16json_abi_v3_11_310basic_jsonISt3mapSt6vectorNSt7__cxx1112basic_stringIcSt11char_traitsIcESaIcEEEblmdSaNS0_14adl_serializerES3_IhSaIhEEvEcvT_IdLi0EEEv
FN:21430,21472,_ZN8nlohmann16json_abi_v3_11_310basic_jsonISt3mapSt6vectorNSt7__cxx1112basic_stringIcSt11char_traitsIcESaIcEEEblmdSaNS0_14adl_serializerES3_IhSaIhEEvEixEm
FN:21476,21485,_ZNK8nlohmann16json_abi_v3_11_310basic_jsonISt3mapSt6vectorNSt7__cxx1112basic_stringIcSt11char_traitsIcESaIcEEEblmdSaNS0_14adl_serializerES3_IhSaIhEEvEixEm
FN:21489,21507,_ZN8nlohmann16json_abi_v3_11_310basic_jsonISt3mapSt6vectorNSt7__cxx1112basic_stringIcSt11char_traitsIcESaIcEEEblmdSaNS0_14adl_serializerES3_IhSaIhEEvEixES9_
FN:21511,21522,_ZNK8nlohmann16json_abi_v3_11_310basic_jsonISt3mapSt6vectorNSt7__cxx1112basic_stringIcSt11char_traitsIcESaIcEEEblmdSaNS0_14adl_serializerES3_IhSaIhEEvEixERKS9_
FN:21527,21530,_ZN8nlohmann16json_abi_v3_11_310basic_jsonISt3mapSt6vectorNSt7__cxx1112basic_stringIcSt11char_traitsIcESaIcEEEblmdSaNS0_14adl_serializerES3_IhSaIhEEvEixIKcEERSD_PT_
FN:21533,21536,_ZNK8nlohmann16json_abi_v3_11_310basic_jsonISt3mapSt6vectorNSt7__cxx1112basic_stringIcSt11char_traitsIcESaIcEEEblmdSaNS0_14adl_serializerES3_IhSaIhEEvEixIKcEERKSD_PT_
FN:21799,21862,_ZN8nlohmann16json_abi_v3_11_310basic_jsonISt3mapSt6vectorNSt7__cxx1112basic_stringIcSt11char_traitsIcESaIcEEEblmdSaNS0_14adl_serializerES3_IhSaIhEEvE5eraseINS0_6detail9iter_implISD_EELi0EEET_SI_
FN:22108,22111,_ZNK8nlohmann16json_abi_v3_11_310basic_jsonISt3mapSt6vectorNSt7__cxx1112basic_stringIcSt11char_traitsIcESaIcEEEblmdSaNS0_14adl_serializerES3_IhSaIhEEvE8containsIRA10_KcLi0EEEbOT_
FN:22108,22111,_ZNK8nlohmann16json_abi_v3_11_310basic_jsonISt3mapSt6vectorNSt7__cxx1112basic_stringIcSt11char_traitsIcESaIcEEEblmdSaNS0_14adl_serializerES3_IhSaIhEEvE8containsIRA19_KcLi0EEEbOT_
FN:22108,22111,_ZNK8nlohmann16json_abi_v3_11_310basic_jsonISt3mapSt6vectorNSt7__cxx1112basic_stringIcSt11char_traitsIcESaIcEEEblmdSaNS0_14adl_serializerES3_IhSaIhEEvE8containsIRA20_KcLi0EEEbOT_
FN:22108,22111,_ZNK8nlohmann16json_abi_v3_11_310basic_jsonISt3mapSt6vectorNSt7__cxx1112basic_stringIcSt11char_traitsIcESaIcEEEblmdSaNS0_14adl_serializerES3_IhSaIhEEvE8containsIRA21_KcLi0EEEbOT_
FN:22108,22111,_ZNK8nlohmann16json_abi_v3_11_310basic_jsonISt3mapSt6vectorNSt7__cxx1112basic_stringIcSt11char_traitsIcESaIcEEEblmdSaNS0_14adl_serializerES3_IhSaIhEEvE8containsIRA23_KcLi0EEEbOT_
FN:22108,22111,_ZNK8nlohmann16json_abi_v3_11_310basic_jsonISt3mapSt6vectorNSt7__cxx1112basic_stringIcSt11char_traitsIcESaIcEEEblmdSaNS0_14adl_serializerES3_IhSaIhEEvE8containsIRA8_KcLi0EEEbOT_
FN:22138,22143,_ZN8nlohmann16json_abi_v3_11_310basic_jsonISt3mapSt6vectorNSt7__cxx1112basic_stringIcSt11char_traitsIcESaIcEEEblmdSaNS0_14adl_serializerES3_IhSaIhEEvE5beginEv
FN:22163,22168,_ZN8nlohmann16json_abi_v3_11_310basic_jsonISt3mapSt6vectorNSt7__cxx1112basic_stringIcSt11char_traitsIcESaIcEEEblmdSaNS0_14adl_serializerES3_IhSaIhEEvE3endEv
FN:22315,22350,_ZNK8nlohmann16json_abi_v3_11_310basic_jsonISt3mapSt6vectorNSt7__cxx1112basic_stringIcSt11char_traitsIcESaIcEEEblmdSaNS0_14adl_serializerES3_IhSaIhEEvE4sizeEv
FN:22354,22384,_ZNK8nlohmann16json_abi_v3_11_310basic_jsonISt3mapSt6vectorNSt7__cxx1112basic_stringIcSt11char_traitsIcESaIcEEEblmdSaNS0_14adl_serializerES3_IhSaIhEEvE8max_sizeEv
FN:22491,22511,_ZN8nlohmann16json_abi_v3_11_310basic_jsonISt3mapSt6vectorNSt7__cxx1112basic_stringIcSt11char_traitsIcESaIcEEEblmdSaNS0_14adl_serializerES3_IhSaIhEEvE9push_backERKSD_
FN:23027,23040,_ZN8nlohmann16json_abi_v3_11_310basic_jsonISt3mapSt6vectorNSt7__cxx1112basic_stringIcSt11char_traitsIcESaIcEEEblmdSaNS0_14adl_serializerES3_IhSaIhEEvE18compares_unorderedERKSD_SF_b
FN:23156,23166,_ZN8nlohmann16json_abi_v3_11_3eqERKNS0_10basic_jsonISt3mapSt6vectorNSt7__cxx1112basic_stringIcSt11char_traitsIcESaIcEEEblmdSaNS0_14adl_serializerES3_IhSaIhEEvEESF_
FN:23172,23175,_ZN8nlohmann16json_abi_v3_11_3eqIbLi0EEEbRKNS0_10basic_jsonISt3mapSt6vectorNSt7__cxx1112basic_stringIcSt11char_traitsIcESaIcEEEblmdSaNS0_14adl_serializerES4_IhSaIhEEvEET_
FN:23345,23358,_ZN8nlohmann16json_abi_v3_11_3lsERSoRKNS0_10basic_jsonISt3mapSt6vectorNSt7__cxx1112basic_stringIcSt11char_traitsIcESaIcEEEblmdSaNS0_14adl_serializerES4_IhSaIhEEvEE
FN:23513,23517,_ZN8nlohmann16json_abi_v3_11_3rsERSiRNS0_10basic_jsonISt3mapSt6vectorNSt7__cxx1112basic_stringIcSt11char_traitsIcESaIcEEEblmdSaNS0_14adl_serializerES4_IhSaIhEEvEE
FN:23528,23552,_ZNK8nlohmann16json_abi_v3_11_310basic_jsonISt3mapSt6vectorNSt7__cxx1112basic_stringIcSt11char_traitsIcESaIcEEEblmdSaNS0_14adl_serializerES3_IhSaIhEEvE9type_nameEv
FN:23567,23570,_ZN8nlohmann16json_abi_v3_11_310basic_jsonISt3mapSt6vectorNSt7__cxx1112basic_stringIcSt11char_traitsIcESaIcEEEblmdSaNS0_14adl_serializerES3_IhSaIhEEvE4dataC2ENS0_6detail7value_tE
FN:23578,23578,_ZN8nlohmann16json_abi_v3_11_310basic_jsonISt3mapSt6vectorNSt7__cxx1112basic_stringIcSt11char_traitsIcESaIcEEEblmdSaNS0_14adl_serializerES3_IhSaIhEEvE4dataC2Ev
FN:23584,23587,_ZN8nlohmann16json_abi_v3_11_310basic_jsonISt3mapSt6vectorNSt7__cxx1112basic_stringIcSt11char_traitsIcESaIcEEEblmdSaNS0_14adl_serializerES3_IhSaIhEEvE4dataD2Ev
FN:3001,3010,_ZN8nlohmann16json_abi_v3_11_36detail17replace_substringINSt7__cxx1112basic_stringIcSt11char_traitsIcESaIcEEEEEvRT_RKS9_SC_
FN:3035,3039,_ZN8nlohmann16json_abi_v3_11_36detailL8unescapeINSt7__cxx1112basic_stringIcSt11char_traitsIcESaIcEEEEEvRT_
FN:3075,3078,_ZNK8nlohmann16json_abi_v3_11_36detail10position_tcvmEv
FN:4264,4267,_ZN8nlohmann16json_abi_v3_11_36detail13concat_lengthEv
FN:4276,4279,_ZN8nlohmann16json_abi_v3_11_36detail13concat_lengthIJEEEmcDpRKT_
FN:4276,4279,_ZN8nlohmann16json_abi_v3_11_36detail13concat_lengthIJNSt7__cxx1112basic_stringIcSt11char_traitsIcESaIcEEEA3_cEEEmcDpRKT_
FN:4282,4286,_ZN8nlohmann16json_abi_v3_11_36detail13concat_lengthIJA15_cNSt7__cxx1112basic_stringIcSt11char_traitsIcESaIcEEEcEEEmPKcDpRKT_
FN:4282,4286,_ZN8nlohmann16json_abi_v3_11_36detail13concat_lengthIJEEEmPKcDpRKT_
FN:4282,4286,_ZN8nlohmann16json_abi_v3_11_36detail13concat_lengthIJNSt7__cxx1112basic_stringIcSt11char_traitsIcESaIcEEEA10_cS8_EEEmPKcDpRKT_
FN:4282,4286,_ZN8nlohmann16json_abi_v3_11_36detail13concat_lengthIJNSt7__cxx1112basic_stringIcSt11char_traitsIcESaIcEEEA3_cS8_S8_EEEmPKcDpRKT_
FN:4282,4286,_ZN8nlohmann16json_abi_v3_11_36detail13concat_lengthIJNSt7__cxx1112basic_stringIcSt11char_traitsIcESaIcEEEA5_cS8_EEEmPKcDpRKT_
FN:4282,4286,_ZN8nlohmann16json_abi_v3_11_36detail13concat_lengthIJNSt7__cxx1112basic_stringIcSt11char_traitsIcESaIcEEEEEEmPKcDpRKT_
FN:4282,4286,_ZN8nlohmann16json_abi_v3_11_36detail13concat_lengthIJNSt7__cxx1112basic_stringIcSt11char_traitsIcESaIcEEES8_EEEmPKcDpRKT_
FN:4282,4286,_ZN8nlohmann16json_abi_v3_11_36detail13concat_lengthIJNSt7__cxx1112basic_stringIcSt11char_traitsIcESaIcEEEcEEEmPKcDpRKT_
FN:4282,4286,_ZN8nlohmann16json_abi_v3_11_36detail13concat_lengthIJNSt7__cxx1112basic_stringIcSt11char_traitsIcESaIcEEEcS8_A3_cEEEmPKcDpRKT_
FN:4282,4286,_ZN8nlohmann16json_abi_v3_11_36detail13concat_lengthIJPKcEEEmS4_DpRKT_
FN:4289,4292,_ZN8nlohmann16json_abi_v3_11_36detail13concat_lengthINSt7__cxx1112basic_stringIcSt11char_traitsIcESaIcEEEJA10_cS8_EEEmRKT_DpRKT0_
FN:4289,4292,_ZN8nlohmann16json_abi_v3_11_36detail13concat_lengthINSt7__cxx1112basic_stringIcSt11char_traitsIcESaIcEEEJA12_cS8_A3_cS8_S8_EEEmRKT_DpRKT0_
FN:4289,4292,_ZN8nlohmann16json_abi_v3_11_36detail13concat_lengthINSt7__cxx1112basic_stringIcSt11char_traitsIcESaIcEEEJA3_cEEEmRKT_DpRKT0_
FN:4289,4292,_ZN8nlohmann16json_abi_v3_11_36detail13concat_lengthINSt7__cxx1112basic_stringIcSt11char_traitsIcESaIcEEEJA3_cS8_S8_EEEmRKT_DpRKT0_
FN:4289,4292,_ZN8nlohmann16json_abi_v3_11_36detail13concat_lengthINSt7__cxx1112basic_stringIcSt11char_traitsIcESaIcEEEJA5_cS8_EEEmRKT_DpRKT0_
FN:4289,4292,_ZN8nlohmann16json_abi_v3_11_36detail13concat_lengthINSt7__cxx1112basic_stringIcSt11char_traitsIcESaIcEEEJEEEmRKT_DpRKT0_
FN:4289,4292,_ZN8nlohmann16json_abi_v3_11_36detail13concat_lengthINSt7__cxx1112basic_stringIcSt11char_traitsIcESaIcEEEJS8_EEEmRKT_DpRKT0_
FN:4289,4292,_ZN8nlohmann16json_abi_v3_11_36detail13concat_lengthINSt7__cxx1112basic_stringIcSt11char_traitsIcESaIcEEEJS8_S8_EEEmRKT_DpRKT0_
FN:4289,4292,_ZN8nlohmann16json_abi_v3_11_36detail13concat_lengthINSt7__cxx1112basic_stringIcSt11char_traitsIcESaIcEEEJcEEEmRKT_DpRKT0_
FN:4289,4292,_ZN8nlohmann16json_abi_v3_11_36detail13concat_lengthINSt7__cxx1112basic_stringIcSt11char_traitsIcESaIcEEEJcS8_A3_cEEEmRKT_DpRKT0_
FN:4295,4296,_ZN8nlohmann16json_abi_v3_11_36detail11concat_intoINSt7__cxx1112basic_stringIcSt11char_traitsIcESaIcEEEEEvRT_
FN:4342,4346,_ZN8nlohmann16json_abi_v3_11_36detail11concat_intoINSt7__cxx1112basic_stringIcSt11char_traitsIcESaIcEEEPKcJELi0EEEvRT_OT0_DpOT1_
FN:4342,4346,_ZN8nlohmann16json_abi_v3_11_36detail11concat_intoINSt7__cxx1112basic_stringIcSt11char_traitsIcESaIcEEEPKcJRA15_S9_S8_cELi0EEEvRT_OT0_DpOT1_
FN:4342,4346,_ZN8nlohmann16json_abi_v3_11_36detail11concat_intoINSt7__cxx1112basic_stringIcSt11char_traitsIcESaIcEEERA10_KcJS8_ELi0EEEvRT_OT0_DpOT1_
FN:4342,4346,_ZN8nlohmann16json_abi_v3_11_36detail11concat_intoINSt7__cxx1112basic_stringIcSt11char_traitsIcESaIcEEERA10_KcJS8_SB_S8_ELi0EEEvRT_OT0_DpOT1_
FN:4342,4346,_ZN8nlohmann16json_abi_v3_11_36detail11concat_intoINSt7__cxx1112basic_stringIcSt11char_traitsIcESaIcEEERA12_KcJPS9_ELi0EEEvRT_OT0_DpOT1_
FN:4342,4346,_ZN8nlohmann16json_abi_v3_11_36detail11concat_intoINSt7__cxx1112basic_stringIcSt11char_traitsIcESaIcEEERA12_KcJS8_RA3_S9_S8_RKS8_ELi0EEEvRT_OT0_DpOT1_
FN:4342,4346,_ZN8nlohmann16json_abi_v3_11_36detail11concat_intoINSt7__cxx1112basic_stringIcSt11char_traitsIcESaIcEEERA15_KcJRKS8_cELi0EEEvRT_OT0_DpOT1_
FN:4342,4346,_ZN8nlohmann16json_abi_v3_11_36detail11concat_intoINSt7__cxx1112basic_stringIcSt11char_traitsIcESaIcEEERA15_KcJS8_cELi0EEEvRT_OT0_DpOT1_
FN:4342,4346,_ZN8nlohmann16json_abi_v3_11_36detail11concat_intoINSt7__cxx1112basic_stringIcSt11char_traitsIcESaIcEEERA17_KcJRKS8_cS8_RA3_S9_ELi0EEEvRT_OT0_DpOT1_
FN:4342,4346,_ZN8nlohmann16json_abi_v3_11_36detail11concat_intoINSt7__cxx1112basic_stringIcSt11char_traitsIcESaIcEEERA23_KcJS8_ELi0EEEvRT_OT0_DpOT1_
FN:4342,4346,_ZN8nlohmann16json_abi_v3_11_36detail11concat_intoINSt7__cxx1112basic_stringIcSt11char_traitsIcESaIcEEERA24_KcJS8_ELi0EEEvRT_OT0_DpOT1_
FN:4342,4346,_ZN8nlohmann16json_abi_v3_11_36detail11concat_intoINSt7__cxx1112basic_stringIcSt11char_traitsIcESaIcEEERA25_KcJPS9_ELi0EEEvRT_OT0_DpOT1_
FN:4342,4346,_ZN8nlohmann16json_abi_v3_11_36detail11concat_intoINSt7__cxx1112basic_stringIcSt11char_traitsIcESaIcEEERA26_KcJS8_cELi0EEEvRT_OT0_DpOT1_
FN:4342,4346,_ZN8nlohmann16json_abi_v3_11_36detail11concat_intoINSt7__cxx1112basic_stringIcSt11char_traitsIcESaIcEEERA29_KcJPS9_ELi0EEEvRT_OT0_DpOT1_
FN:4342,4346,_ZN8nlohmann16json_abi_v3_11_36detail11concat_intoINSt7__cxx1112basic_stringIcSt11char_traitsIcESaIcEEERA29_KcJS8_RA5_S9_S8_ELi0EEEvRT_OT0_DpOT1_
FN:4342,4346,_ZN8nlohmann16json_abi_v3_11_36detail11concat_intoINSt7__cxx1112basic_stringIcSt11char_traitsIcESaIcEEERA39_KcJS8_ELi0EEEvRT_OT0_DpOT1_
FN:4342,4346,_ZN8nlohmann16json_abi_v3_11_36detail11concat_intoINSt7__cxx1112basic_stringIcSt11char_traitsIcESaIcEEERA3_KcJELi0EEEvRT_OT0_DpOT1_
FN:4342,4346,_ZN8nlohmann16json_abi_v3_11_36detail11concat_intoINSt7__cxx1112basic_stringIcSt11char_traitsIcESaIcEEERA3_KcJS8_RKS8_ELi0EEEvRT_OT0_DpOT1_
FN:4342,4346,_ZN8nlohmann16json_abi_v3_11_36detail11concat_intoINSt7__cxx1112basic_stringIcSt11char_traitsIcESaIcEEERA51_KcJPS9_ELi0EEEvRT_OT0_DpOT1_
FN:4342,4346,_ZN8nlohmann16json_abi_v3_11_36detail11concat_intoINSt7__cxx1112basic_stringIcSt11char_traitsIcESaIcEEERA52_KcJPS9_ELi0EEEvRT_OT0_DpOT1_
FN:4342,4346,_ZN8nlohmann16json_abi_v3_11_36detail11concat_intoINSt7__cxx1112basic_stringIcSt11char_traitsIcESaIcEEERA5_KcJS8_ELi0EEEvRT_OT0_DpOT1_
FN:4342,4346,_ZN8nlohmann16json_abi_v3_11_36detail11concat_intoINSt7__cxx1112basic_stringIcSt11char_traitsIcESaIcEEERKS8_JELi0EEEvRT_OT0_DpOT1_
FN:4342,4346,_ZN8nlohmann16json_abi_v3_11_36detail11concat_intoINSt7__cxx1112basic_stringIcSt11char_traitsIcESaIcEEERKS8_JcELi0EEEvRT_OT0_DpOT1_
FN:4342,4346,_ZN8nlohmann16json_abi_v3_11_36detail11concat_intoINSt7__cxx1112basic_stringIcSt11char_traitsIcESaIcEEERKS8_JcS8_RA3_KcELi0EEEvRT_OT0_DpOT1_
FN:4342,4346,_ZN8nlohmann16json_abi_v3_11_36detail11concat_intoINSt7__cxx1112basic_stringIcSt11char_traitsIcESaIcEEES8_JELi0EEEvRT_OT0_DpOT1_
FN:4342,4346,_ZN8nlohmann16json_abi_v3_11_36detail11concat_intoINSt7__cxx1112basic_stringIcSt11char_traitsIcESaIcEEES8_JRA10_KcS8_ELi0EEEvRT_OT0_DpOT1_
FN:4342,4346,_ZN8nlohmann16json_abi_v3_11_36detail11concat_intoINSt7__cxx1112basic_stringIcSt11char_traitsIcESaIcEEES8_JRA12_KcS8_RA3_S9_S8_RKS8_ELi0EEEvRT_OT0_DpOT1_
FN:4342,4346,_ZN8nlohmann16json_abi_v3_11_36detail11concat_intoINSt7__cxx1112basic_stringIcSt11char_traitsIcESaIcEEES8_JRA3_KcELi0EEEvRT_OT0_DpOT1_
FN:4342,4346,_ZN8nlohmann16json_abi_v3_11_36detail11concat_intoINSt7__cxx1112basic_stringIcSt11char_traitsIcESaIcEEES8_JRA3_KcS8_RKS8_ELi0EEEvRT_OT0_DpOT1_
FN:4342,4346,_ZN8nlohmann16json_abi_v3_11_36detail11concat_intoINSt7__cxx1112basic_stringIcSt11char_traitsIcESaIcEEES8_JRA5_KcS8_ELi0EEEvRT_OT0_DpOT1_
FN:4342,4346,_ZN8nlohmann16json_abi_v3_11_36detail11concat_intoINSt7__cxx1112basic_stringIcSt11char_traitsIcESaIcEEES8_JRKS8_ELi0EEEvRT_OT0_DpOT1_
FN:4342,4346,_ZN8nlohmann16json_abi_v3_11_36detail11concat_intoINSt7__cxx1112basic_stringIcSt11char_traitsIcESaIcEEES8_JS8_RKS8_ELi0EEEvRT_OT0_DpOT1_
FN:4342,4346,_ZN8nlohmann16json_abi_v3_11_36detail11concat_intoINSt7__cxx1112basic_stringIcSt11char_traitsIcESaIcEEES8_JcELi0EEEvRT_OT0_DpOT1_
FN:4351,4355,_ZN8nlohmann16json_abi_v3_11_36detail11concat_intoINSt7__cxx1112basic_stringIcSt11char_traitsIcESaIcEEEcJELi0EEEvRT_OT0_DpOT1_
FN:4351,4355,_ZN8nlohmann16json_abi_v3_11_36detail11concat_intoINSt7__cxx1112basic_stringIcSt11char_traitsIcESaIcEEEcJS8_RA3_KcELi0EEEvRT_OT0_DpOT1_
FN:4379,4385,_ZN8nlohmann16json_abi_v3_11_36detail6concatINSt7__cxx1112basic_stringIcSt11char_traitsIcESaIcEEEJPKcRA15_S9_S8_cEEET_DpOT0_
FN:4379,4385,_ZN8nlohmann16json_abi_v3_11_36detail6concatINSt7__cxx1112basic_stringIcSt11char_traitsIcESaIcEEEJRA10_KcS8_SB_S8_EEET_DpOT0_
FN:4379,4385,_ZN8nlohmann16json_abi_v3_11_36detail6concatINSt7__cxx1112basic_stringIcSt11char_traitsIcESaIcEEEJRA12_KcPS9_EEET_DpOT0_
FN:4379,4385,_ZN8nlohmann16json_abi_v3_11_36detail6concatINSt7__cxx1112basic_stringIcSt11char_traitsIcESaIcEEEJRA15_KcRKS8_cEEET_DpOT0_
FN:4379,4385,_ZN8nlohmann16json_abi_v3_11_36detail6concatINSt7__cxx1112basic_stringIcSt11char_traitsIcESaIcEEEJRA17_KcRKS8_cS8_RA3_S9_EEET_DpOT0_
FN:4379,4385,_ZN8nlohmann16json_abi_v3_11_36detail6concatINSt7__cxx1112basic_stringIcSt11char_traitsIcESaIcEEEJRA23_KcS8_EEET_DpOT0_
FN:4379,4385,_ZN8nlohmann16json_abi_v3_11_36detail6concatINSt7__cxx1112basic_stringIcSt11char_traitsIcESaIcEEEJRA24_KcS8_EEET_DpOT0_
FN:4379,4385,_ZN8nlohmann16json_abi_v3_11_36detail6concatINSt7__cxx1112basic_stringIcSt11char_traitsIcESaIcEEEJRA25_KcPS9_EEET_DpOT0_
FN:4379,4385,_ZN8nlohmann16json_abi_v3_11_36detail6concatINSt7__cxx1112basic_stringIcSt11char_traitsIcESaIcEEEJRA26_KcS8_cEEET_DpOT0_
FN:4379,4385,_ZN8nlohmann16json_abi_v3_11_36detail6concatINSt7__cxx1112basic_stringIcSt11char_traitsIcESaIcEEEJRA29_KcPS9_EEET_DpOT0_
FN:4379,4385,_ZN8nlohmann16json_abi_v3_11_36detail6concatINSt7__cxx1112basic_stringIcSt11char_traitsIcESaIcEEEJRA29_KcS8_RA5_S9_S8_EEET_DpOT0_
FN:4379,4385,_ZN8nlohmann16json_abi_v3_11_36detail6concatINSt7__cxx1112basic_stringIcSt11char_traitsIcESaIcEEEJRA39_KcS8_EEET_DpOT0_
FN:4379,4385,_ZN8nlohmann16json_abi_v3_11_36detail6concatINSt7__cxx1112basic_stringIcSt11char_traitsIcESaIcEEEJRA51_KcPS9_EEET_DpOT0_
FN:4379,4385,_ZN8nlohmann16json_abi_v3_11_36detail6concatINSt7__cxx1112basic_stringIcSt11char_traitsIcESaIcEEEJRA52_KcPS9_EEET_DpOT0_
FN:4379,4385,_ZN8nlohmann16json_abi_v3_11_36detail6concatINSt7__cxx1112basic_stringIcSt11char_traitsIcESaIcEEEJS8_RA12_KcS8_RA3_S9_S8_RKS8_EEET_DpOT0_
FN:4379,4385,_ZN8nlohmann16json_abi_v3_11_36detail6concatINSt7__cxx1112basic_stringIcSt11char_traitsIcESaIcEEEJS8_S8_RKS8_EEET_DpOT0_
FN:4405,4408,_ZNK8nlohmann16json_abi_v3_11_36detail9exception4whatEv
FN:4415,4415,_ZN8nlohmann16json_abi_v3_11_36detail9exceptionC2EiPKc
FN:4417,4420,_ZN8nlohmann16json_abi_v3_11_36detail9exception4nameERKNSt7__cxx1112basic_stringIcSt11char_traitsIcESaIcEEEi
FN:4422,4425,_ZN8nlohmann16json_abi_v3_11_36detail9exception11diagnosticsB5cxx11EDn
FN:4428,4490,_ZN8nlohmann16json_abi_v3_11_36detail9exception11diagnosticsINS0_10basic_jsonISt3mapSt6vectorNSt7__cxx1112basic_stringIcSt11char_traitsIcESaIcEEEblmdSaNS0_14adl_serializerES6_IhSaIhEEvEEEESC_PKT_
FN:4512,4517,_ZN8nlohmann16json_abi_v3_11_36detail11parse_error6createIDnLi0EEES2_iRKNS1_10position_tERKNSt7__cxx1112basic_stringIcSt11char_traitsIcESaIcEEET_
FN:4540,4541,_ZN8nlohmann16json_abi_v3_11_36detail11parse_errorC2EimPKc
FN:4543,4547,_ZN8nlohmann16json_abi_v3_11_36detail11parse_error15position_stringB5cxx11ERKNS1_10position_tE
FN:4556,4560,_ZN8nlohmann16json_abi_v3_11_36detail16invalid_iterator6createIPNS0_10basic_jsonISt3mapSt6vectorNSt7__cxx1112basic_stringIcSt11char_traitsIcESaIcEEEblmdSaNS0_14adl_serializerES6_IhSaIhEEvEELi0EEES2_iRKSC_T_
FN:4564,4565,_ZN8nlohmann16json_abi_v3_11_36detail16invalid_iteratorC2EiPKc
FN:4574,4578,_ZN8nlohmann16json_abi_v3_11_36detail10type_error6createIDnLi0EEES2_iRKNSt7__cxx1112basic_stringIcSt11char_traitsIcESaIcEEET_
FN:4574,4578,_ZN8nlohmann16json_abi_v3_11_36detail10type_error6createIPKNS0_10basic_jsonISt3mapSt6vectorNSt7__cxx1112basic_stringIcSt11char_traitsIcESaIcEEEblmdSaNS0_14adl_serializerES6_IhSaIhEEvEELi0EEES2_iRKSC_T_
FN:4574,4578,_ZN8nlohmann16json_abi_v3_11_36detail10type_error6createIPNS0_10basic_jsonISt3mapSt6vectorNSt7__cxx1112basic_stringIcSt11char_traitsIcESaIcEEEblmdSaNS0_14adl_serializerES6_IhSaIhEEvEELi0EEES2_iRKSC_T_
FN:4582,4582,_ZN8nlohmann16json_abi_v3_11_36detail10type_errorC2EiPKc
FN:4591,4595,_ZN8nlohmann16json_abi_v3_11_36detail12out_of_range6createIDnLi0EEES2_iRKNSt7__cxx1112basic_stringIcSt11char_traitsIcESaIcEEET_
FN:4591,4595,_ZN8nlohmann16json_abi_v3_11_36detail12out_of_range6createIPNS0_10basic_jsonISt3mapSt6vectorNSt7__cxx1112basic_stringIcSt11char_traitsIcESaIcEEEblmdSaNS0_14adl_serializerES6_IhSaIhEEvEELi0EEES2_iRKSC_T_
FN:4599,4599,_ZN8nlohmann16json_abi_v3_11_36detail12out_of_rangeC2EiPKc
FN:4608,4612,_ZN8nlohmann16json_abi_v3_11_36detail11other_error6createIDnLi0EEES2_iRKNSt7__cxx1112basic_stringIcSt11char_traitsIcESaIcEEET_
FN:4616,4616,_ZN8nlohmann16json_abi_v3_11_36detail11other_errorC2EiPKc
FN:4726,4756,_ZN8nlohmann16json_abi_v3_11_36detail20get_arithmetic_valueINS0_10basic_jsonISt3mapSt6vectorNSt7__cxx1112basic_stringIcSt11char_traitsIcESaIcEEEblmdSaNS0_14adl_serializerES5_IhSaIhEEvEEdLi0EEEvRKT_RT0_
FN:4769,4776,_ZN8nlohmann16json_abi_v3_11_36detail9from_jsonINS0_10basic_jsonISt3mapSt6vectorNSt7__cxx1112basic_stringIcSt11char_traitsIcESaIcEEEblmdSaNS0_14adl_serializerES5_IhSaIhEEvEEEEvRKT_RNSG_8string_tE
FN:4796,4799,_ZN8nlohmann16json_abi_v3_11_36detail9from_jsonINS0_10basic_jsonISt3mapSt6vectorNSt7__cxx1112basic_stringIcSt11char_traitsIcESaIcEEEblmdSaNS0_14adl_serializerES5_IhSaIhEEvEEEEvRKT_RNSG_14number_float_tE
FN:5149,5154,_ZNK8nlohmann16json_abi_v3_11_36detail12from_json_fnclINS0_10basic_jsonISt3mapSt6vectorNSt7__cxx1112basic_stringIcSt11char_traitsIcESaIcEEEblmdSaNS0_14adl_serializerES6_IhSaIhEEvEERSC_EEDTcl9from_jsonfp_cl7forwardIT0_Efp0_EEERKT_OSI_
FN:5149,5154,_ZNK8nlohmann16json_abi_v3_11_36detail12from_json_fnclINS0_10basic_jsonISt3mapSt6vectorNSt7__cxx1112basic_stringIcSt11char_traitsIcESaIcEEEblmdSaNS0_14adl_serializerES6_IhSaIhEEvEERdEEDTcl9from_jsonfp_cl7forwardIT0_Efp0_EEERKT_OSI_
FN:5476,5482,_ZN8nlohmann16json_abi_v3_11_36detail20external_constructorILNS1_7value_tE4EE9constructINS0_10basic_jsonISt3mapSt6vectorNSt7__cxx1112basic_stringIcSt11char_traitsIcESaIcEEEblmdSaNS0_14adl_serializerES8_IhSaIhEEvEEEEvRT_NSJ_9boolean_tE
FN:5489,5495,_ZN8nlohmann16json_abi_v3_11_36detail20external_constructorILNS1_7value_tE3EE9constructINS0_10basic_jsonISt3mapSt6vectorNSt7__cxx1112basic_stringIcSt11char_traitsIcESaIcEEEblmdSaNS0_14adl_serializerES8_IhSaIhEEvEEEEvRT_RKNSJ_8string_tE
FN:5498,5504,_ZN8nlohmann16json_abi_v3_11_36detail20external_constructorILNS1_7value_tE3EE9constructINS0_10basic_jsonISt3mapSt6vectorNSt7__cxx1112basic_stringIcSt11char_traitsIcESaIcEEEblmdSaNS0_14adl_serializerES8_IhSaIhEEvEEEEvRT_ONSJ_8string_tE
FN:5544,5550,_ZN8nlohmann16json_abi_v3_11_36detail20external_constructorILNS1_7value_tE7EE9constructINS0_10basic_jsonISt3mapSt6vectorNSt7__cxx1112basic_stringIcSt11char_traitsIcESaIcEEEblmdSaNS0_14adl_serializerES8_IhSaIhEEvEEEEvRT_NSJ_14number_float_tE
FN:5557,5563,_ZN8nlohmann16json_abi_v3_11_36detail20external_constructorILNS1_7value_tE6EE9constructINS0_10basic_jsonISt3mapSt6vectorNSt7__cxx1112basic_stringIcSt11char_traitsIcESaIcEEEblmdSaNS0_14adl_serializerES8_IhSaIhEEvEEEEvRT_NSJ_17number_unsigned_tE
FN:5570,5576,_ZN8nlohmann16json_abi_v3_11_36detail20external_constructorILNS1_7value_tE5EE9constructINS0_10basic_jsonISt3mapSt6vectorNSt7__cxx1112basic_stringIcSt11char_traitsIcESaIcEEEblmdSaNS0_14adl_serializerES8_IhSaIhEEvEEEEvRT_NSJ_16number_integer_tE
FN:5709,5712,_ZN8nlohmann16json_abi_v3_11_36detail7to_jsonINS0_10basic_jsonISt3mapSt6vectorNSt7__cxx1112basic_stringIcSt11char_traitsIcESaIcEEEblmdSaNS0_14adl_serializerES5_IhSaIhEEvEEbLi0EEEvRT_T0_
FN:5729,5732,_ZN8nlohmann16json_abi_v3_11_36detail7to_jsonINS0_10basic_jsonISt3mapSt6vectorNSt7__cxx1112basic_stringIcSt11char_traitsIcESaIcEEEblmdSaNS0_14adl_serializerES5_IhSaIhEEvEESB_Li0EEEvRT_RKT0_
FN:5735,5738,_ZN8nlohmann16json_abi_v3_11_36detail7to_jsonINS0_10basic_jsonISt3mapSt6vectorNSt7__cxx1112basic_stringIcSt11char_traitsIcESaIcEEEblmdSaNS0_14adl_serializerES5_IhSaIhEEvEEEEvRT_ONSG_8string_tE
FN:5742,5745,_ZN8nlohmann16json_abi_v3_11_36detail7to_jsonINS0_10basic_jsonISt3mapSt6vectorNSt7__cxx1112basic_stringIcSt11char_traitsIcESaIcEEEblmdSaNS0_14adl_serializerES5_IhSaIhEEvEEdLi0EEEvRT_T0_
FN:5749,5752,_ZN8nlohmann16json_abi_v3_11_36detail7to_jsonINS0_10basic_jsonISt3mapSt6vectorNSt7__cxx1112basic_stringIcSt11char_traitsIcESaIcEEEblmdSaNS0_14adl_serializerES5_IhSaIhEEvEEmLi0EEEvRT_T0_
FN:5756,5759,_ZN8nlohmann16json_abi_v3_11_36detail7to_jsonINS0_10basic_jsonISt3mapSt6vectorNSt7__cxx1112basic_stringIcSt11char_traitsIcESaIcEEEblmdSaNS0_14adl_serializerES5_IhSaIhEEvEElLi0EEEvRT_T0_
FN:5870,5874,_ZNK8nlohmann16json_abi_v3_11_36detail10to_json_fnclINS0_10basic_jsonISt3mapSt6vectorNSt7__cxx1112basic_stringIcSt11char_traitsIcESaIcEEEblmdSaNS0_14adl_serializerES6_IhSaIhEEvEERSC_EEDTcmcl7to_jsonfp_cl7forwardIT0_Efp0_EEcvv_EERT_OSI_
FN:5870,5874,_ZNK8nlohmann16json_abi_v3_11_36detail10to_json_fnclINS0_10basic_jsonISt3mapSt6vectorNSt7__cxx1112basic_stringIcSt11char_traitsIcESaIcEEEblmdSaNS0_14adl_serializerES6_IhSaIhEEvEERbEEDTcmcl7to_jsonfp_cl7forwardIT0_Efp0_EEcvv_EERT_OSI_
FN:5870,5874,_ZNK8nlohmann16json_abi_v3_11_36detail10to_json_fnclINS0_10basic_jsonISt3mapSt6vectorNSt7__cxx1112basic_stringIcSt11char_traitsIcESaIcEEEblmdSaNS0_14adl_serializerES6_IhSaIhEEvEERdEEDTcmcl7to_jsonfp_cl7forwardIT0_Efp0_EEcvv_EERT_OSI_
FN:5870,5874,_ZNK8nlohmann16json_abi_v3_11_36detail10to_json_fnclINS0_10basic_jsonISt3mapSt6vectorNSt7__cxx1112basic_stringIcSt11char_traitsIcESaIcEEEblmdSaNS0_14adl_serializerES6_IhSaIhEEvEERlEEDTcmcl7to_jsonfp_cl7forwardIT0_Efp0_EEcvv_EERT_OSI_
FN:5870,5874,_ZNK8nlohmann16json_abi_v3_11_36detail10to_json_fnclINS0_10basic_jsonISt3mapSt6vectorNSt7__cxx1112basic_stringIcSt11char_traitsIcESaIcEEEblmdSaNS0_14adl_serializerES6_IhSaIhEEvEERmEEDTcmcl7to_jsonfp_cl7forwardIT0_Efp0_EEcvv_EERT_OSI_
[...]
FNDA:24,_ZNSt10_Head_baseILm0EPSt6vectorIN8nlohmann16json_abi_v3_11_310basic_jsonISt3mapS0_NSt7__cxx1112basic_stringIcSt11char_traitsIcESaIcEEEblmdSaNS2_14adl_serializerES0_IhSaIhEEvEESaISE_EELb0EE7_M_headERKSI_
FNDA:0,_ZNSt10_Head_baseILm0ERKSt6vectorIhSaIhEELb0EE7_M_headERKS5_
FNDA:0,_ZNSt10_Head_baseILm1ERKmLb0EE7_M_headERKS2_
FNDA:0,_ZNSt10_Head_baseILm2ERKbLb0EE7_M_headERKS2_
FNDA:8,_ZNSt11_Tuple_implILm0EJP10CSVHandlerSt14default_deleteIS0_EEE7_M_headERS4_
FNDA:4,_ZNSt11_Tuple_implILm0EJP11FileHandlerSt14default_deleteIS0_EEE7_M_headERS4_
FNDA:8,_ZNSt11_Tuple_implILm0EJP11JSONHandlerSt14default_deleteIS0_EEE7_M_headERS4_
FNDA:12,_ZNSt11_Tuple_implILm0EJP17CSVHandlerFactorySt14default_deleteIS0_EEE7_M_headERS4_
FNDA:6,_ZNSt11_Tuple_implILm0EJP18FileHandlerFactorySt14default_deleteIS0_EEE7_M_headERS4_
FNDA:12,_ZNSt11_Tuple_implILm0EJP18JSONHandlerFactorySt14default_deleteIS0_EEE7_M_headERS4_
FNDA:0,_ZNSt11_Tuple_implILm0EJPN8nlohmann16json_abi_v3_11_327byte_container_with_subtypeISt6vectorIhSaIhEEEEZNS1_10basic_jsonISt3mapS3_NSt7__cxx1112basic_stringIcSt11char_traitsIcESaIcEEEblmdSaNS1_14adl_serializerES5_vE6createIS6_JEEEPT_DpOT0_EUlS7_E_EE7_M_headERSP_
FNDA:0,_ZNSt11_Tuple_implILm0EJPN8nlohmann16json_abi_v3_11_327byte_container_with_subtypeISt6vectorIhSaIhEEEEZNS1_10basic_jsonISt3mapS3_NSt7__cxx1112basic_stringIcSt11char_traitsIcESaIcEEEblmdSaNS1_14adl_serializerES5_vE6createIS6_JRKS6_EEEPT_DpOT0_EUlS7_E_EE7_M_headERSR_
FNDA:67,_ZNSt11_Tuple_implILm0EJPNSt7__cxx1112basic_stringIcSt11char_traitsIcESaIcEEESt14default_deleteIS5_EEE7_M_headERS9_
FNDA:0,_ZNSt11_Tuple_implILm0EJPNSt7__cxx1112basic_stringIcSt11char_traitsIcESaIcEEEZN8nlohmann16json_abi_v3_11_310basic_jsonISt3mapSt6vectorS5_blmdSaNS8_14adl_serializerESB_IhSaIhEEvE6createIS5_JRA1_KcEEEPT_DpOT0_EUlS6_E_EE7_M_headERSQ_
FNDA:126,_ZNSt11_Tuple_implILm0EJPNSt7__cxx1112basic_stringIcSt11char_traitsIcESaIcEEEZN8nlohmann16json_abi_v3_11_310basic_jsonISt3mapSt6vectorS5_blmdSaNS8_14adl_serializerESB_IhSaIhEEvE6createIS5_JRKS5_EEEPT_DpOT0_EUlS6_E_EE7_M_headERSP_
FNDA:48,_ZNSt11_Tuple_implILm0EJPNSt7__cxx1112basic_stringIcSt11char_traitsIcESaIcEEEZN8nlohmann16json_abi_v3_11_310basic_jsonISt3mapSt6vectorS5_blmdSaNS8_14adl_serializerESB_IhSaIhEEvE6createIS5_JS5_EEEPT_DpOT0_EUlS6_E_EE7_M_headERSN_
FNDA:592,_ZNSt11_Tuple_implILm0EJPNSt7__cxx1118basic_stringstreamIcSt11char_traitsIcESaIcEEESt14default_deleteIS5_EEE7_M_headERS9_
FNDA:204,_ZNSt11_Tuple_implILm0EJPSt3mapINSt7__cxx1112basic_stringIcSt11char_traitsIcESaIcEEEN8nlohmann16json_abi_v3_11_310basic_jsonIS0_St6vectorS6_blmdSaNS8_14adl_serializerESA_IhSaIhEEvEESt4lessIvESaISt4pairIKS6_SE_EEEZNSE_6createISL_JEEEPT_DpOT0_EUlSM_E_EE7_M_headERSU_
FNDA:0,_ZNSt11_Tuple_implILm0EJPSt3mapINSt7__cxx1112basic_stringIcSt11char_traitsIcESaIcEEEN8nlohmann16json_abi_v3_11_310basic_jsonIS0_St6vectorS6_blmdSaNS8_14adl_serializerESA_IhSaIhEEvEESt4lessIvESaISt4pairIKS6_SE_EEEZNSE_6createISL_JRKSL_EEEPT_DpOT0_EUlSM_E_EE7_M_headERSW_
FNDA:36,_ZNSt11_Tuple_implILm0EJPSt6vectorIN8nlohmann16json_abi_v3_11_310basic_jsonISt3mapS0_NSt7__cxx1112basic_stringIcSt11char_traitsIcESaIcEEEblmdSaNS2_14adl_serializerES0_IhSaIhEEvEESaISE_EEZNSE_6createISG_JEEEPT_DpOT0_EUlSH_E_EE7_M_headERSP_
FNDA:0,_ZNSt11_Tuple_implILm0EJPSt6vectorIN8nlohmann16json_abi_v3_11_310basic_jsonISt3mapS0_NSt7__cxx1112basic_stringIcSt11char_traitsIcESaIcEEEblmdSaNS2_14adl_serializerES0_IhSaIhEEvEESaISE_EEZNSE_6createISG_JPKNS2_6detail8json_refISE_EESN_EEEPT_DpOT0_EUlSH_E_EE7_M_headERSU_
FNDA:0,_ZNSt11_Tuple_implILm0EJPSt6vectorIN8nlohmann16json_abi_v3_11_310basic_jsonISt3mapS0_NSt7__cxx1112basic_stringIcSt11char_traitsIcESaIcEEEblmdSaNS2_14adl_serializerES0_IhSaIhEEvEESaISE_EEZNSE_6createISG_JRKSG_EEEPT_DpOT0_EUlSH_E_EE7_M_headERSR_
FNDA:12,_ZNSt11_Tuple_implILm0EJP11FileHandlerSt14default_deleteIS0_EEE7_M_headERKS4_
FNDA:6,_ZNSt11_Tuple_implILm0EJP18FileHandlerFactorySt14default_deleteIS0_EEE7_M_headERKS4_
FNDA:0,_ZNSt11_Tuple_implILm0EJPN8nlohmann16json_abi_v3_11_327byte_container_with_subtypeISt6vectorIhSaIhEEEEZNS1_10basic_jsonISt3mapS3_NSt7__cxx1112basic_stringIcSt11char_traitsIcESaIcEEEblmdSaNS1_14adl_serializerES5_vE6createIS6_JEEEPT_DpOT0_EUlS7_E_EE7_M_headERKSP_
FNDA:0,_ZNSt11_Tuple_implILm0EJPN8nlohmann16json_abi_v3_11_327byte_container_with_subtypeISt6vectorIhSaIhEEEEZNS1_10basic_jsonISt3mapS3_NSt7__cxx1112basic_stringIcSt11char_traitsIcESaIcEEEblmdSaNS1_14adl_serializerES5_vE6createIS6_JRKS6_EEEPT_DpOT0_EUlS7_E_EE7_M_headERKSR_
FNDA:0,_ZNSt11_Tuple_implILm0EJPNSt7__cxx1112basic_stringIcSt11char_traitsIcESaIcEEESt14default_deleteIS5_EEE7_M_headERKS9_
FNDA:0,_ZNSt11_Tuple_implILm0EJPNSt7__cxx1112basic_stringIcSt11char_traitsIcESaIcEEEZN8nlohmann16json_abi_v3_11_310basic_jsonISt3mapSt6vectorS5_blmdSaNS8_14adl_serializerESB_IhSaIhEEvE6createIS5_JRA1_KcEEEPT_DpOT0_EUlS6_E_EE7_M_headERKSQ_
FNDA:84,_ZNSt11_Tuple_implILm0EJPNSt7__cxx1112basic_stringIcSt11char_traitsIcESaIcEEEZN8nlohmann16json_abi_v3_11_310basic_jsonISt3mapSt6vectorS5_blmdSaNS8_14adl_serializerESB_IhSaIhEEvE6createIS5_JRKS5_EEEPT_DpOT0_EUlS6_E_EE7_M_headERKSP_
FNDA:32,_ZNSt11_Tuple_implILm0EJPNSt7__cxx1112basic_stringIcSt11char_traitsIcESaIcEEEZN8nlohmann16json_abi_v3_11_310basic_jsonISt3mapSt6vectorS5_blmdSaNS8_14adl_serializerESB_IhSaIhEEvE6createIS5_JS5_EEEPT_DpOT0_EUlS6_E_EE7_M_headERKSN_
FNDA:1182,_ZNSt11_Tuple_implILm0EJPNSt7__cxx1118basic_stringstreamIcSt11char_traitsIcESaIcEEESt14default_deleteIS5_EEE7_M_headERKS9_
FNDA:136,_ZNSt11_Tuple_implILm0EJPSt3mapINSt7__cxx1112basic_stringIcSt11char_traitsIcESaIcEEEN8nlohmann16json_abi_v3_11_310basic_jsonIS0_St6vectorS6_blmdSaNS8_14adl_serializerESA_IhSaIhEEvEESt4lessIvESaISt4pairIKS6_SE_EEEZNSE_6createISL_JEEEPT_DpOT0_EUlSM_E_EE7_M_headERKSU_
FNDA:0,_ZNSt11_Tuple_implILm0EJPSt3mapINSt7__cxx1112basic_stringIcSt11char_traitsIcESaIcEEEN8nlohmann16json_abi_v3_11_310basic_jsonIS0_St6vectorS6_blmdSaNS8_14adl_serializerESA_IhSaIhEEvEESt4lessIvESaISt4pairIKS6_SE_EEEZNSE_6createISL_JRKSL_EEEPT_DpOT0_EUlSM_E_EE7_M_headERKSW_
FNDA:24,_ZNSt11_Tuple_implILm0EJPSt6vectorIN8nlohmann16json_abi_v3_11_310basic_jsonISt3mapS0_NSt7__cxx1112basic_stringIcSt11char_traitsIcESaIcEEEblmdSaNS2_14adl_serializerES0_IhSaIhEEvEESaISE_EEZNSE_6createISG_JEEEPT_DpOT0_EUlSH_E_EE7_M_headERKSP_
FNDA:0,_ZNSt11_Tuple_implILm0EJPSt6vectorIN8nlohmann16json_abi_v3_11_310basic_jsonISt3mapS0_NSt7__cxx1112basic_stringIcSt11char_traitsIcESaIcEEEblmdSaNS2_14adl_serializerES0_IhSaIhEEvEESaISE_EEZNSE_6createISG_JPKNS2_6detail8json_refISE_EESN_EEEPT_DpOT0_EUlSH_E_EE7_M_headERKSU_
FNDA:0,_ZNSt11_Tuple_implILm0EJPSt6vectorIN8nlohmann16json_abi_v3_11_310basic_jsonISt3mapS0_NSt7__cxx1112basic_stringIcSt11char_traitsIcESaIcEEEblmdSaNS2_14adl_serializerES0_IhSaIhEEvEESaISE_EEZNSE_6createISG_JRKSG_EEEPT_DpOT0_EUlSH_E_EE7_M_headERKSR_
FNDA:0,_ZNSt11_Tuple_implILm0EJRKSt6vectorIhSaIhEERKmRKbEE7_M_headERKS9_
FNDA:0,_ZNSt11_Tuple_implILm1EJRKmRKbEE7_M_headERKS4_
FNDA:2,_ZNSt11_Tuple_implILm0EJP10CSVHandlerSt14default_deleteIS0_EEEC2Ev
FNDA:2,_ZNSt11_Tuple_implILm0EJP11JSONHandlerSt14default_deleteIS0_EEEC2Ev
FNDA:3,_ZNSt11_Tuple_implILm0EJP17CSVHandlerFactorySt14default_deleteIS0_EEEC2Ev
FNDA:3,_ZNSt11_Tuple_implILm0EJP18JSONHandlerFactorySt14default_deleteIS0_EEEC2Ev
FNDA:67,_ZNSt11_Tuple_implILm0EJPNSt7__cxx1112basic_stringIcSt11char_traitsIcESaIcEEESt14default_deleteIS5_EEEC2Ev
FNDA:0,_ZNSt11_Tuple_implILm0EJRKSt6vectorIhSaIhEERKmRKbEEC2ES4_S6_S8_
FNDA:0,_ZNSt11_Tuple_implILm1EJRKmRKbEEC2ES1_S3_
FNDA:2,_ZNSt11_Tuple_implILm0EJP11FileHandlerSt14default_deleteIS0_EEEC2IRS1_JS2_I10CSVHandlerEEvEEOT_DpOT0_
FNDA:2,_ZNSt11_Tuple_implILm0EJP11FileHandlerSt14default_deleteIS0_EEEC2IRS1_JS2_I11JSONHandlerEEvEEOT_DpOT0_
FNDA:3,_ZNSt11_Tuple_implILm0EJP18FileHandlerFactorySt14default_deleteIS0_EEEC2IRS1_JS2_I17CSVHandlerFactoryEEvEEOT_DpOT0_
FNDA:3,_ZNSt11_Tuple_implILm0EJP18FileHandlerFactorySt14default_deleteIS0_EEEC2IRS1_JS2_I18JSONHandlerFactoryEEvEEOT_DpOT0_
FNDA:0,_ZNSt11_Tuple_implILm0EJPN8nlohmann16json_abi_v3_11_327byte_container_with_subtypeISt6vectorIhSaIhEEEEZNS1_10basic_jsonISt3mapS3_NSt7__cxx1112basic_stringIcSt11char_traitsIcESaIcEEEblmdSaNS1_14adl_serializerES5_vE6createIS6_JEEEPT_DpOT0_EUlS7_E_EEC2IRS7_JRKSO_EvEEOSJ_SN_
FNDA:0,_ZNSt11_Tuple_implILm0EJPN8nlohmann16json_abi_v3_11_327byte_container_with_subtypeISt6vectorIhSaIhEEEEZNS1_10basic_jsonISt3mapS3_NSt7__cxx1112basic_stringIcSt11char_traitsIcESaIcEEEblmdSaNS1_14adl_serializerES5_vE6createIS6_JRKS6_EEEPT_DpOT0_EUlS7_E_EEC2IRS7_JRKSQ_EvEEOSL_SP_
FNDA:0,_ZNSt11_Tuple_implILm0EJPNSt7__cxx1112basic_stringIcSt11char_traitsIcESaIcEEEZN8nlohmann16json_abi_v3_11_310basic_jsonISt3mapSt6vectorS5_blmdSaNS8_14adl_serializerESB_IhSaIhEEvE6createIS5_JRA1_KcEEEPT_DpOT0_EUlS6_E_EEC2IRS6_JRKSP_EvEEOSK_SO_
FNDA:42,_ZNSt11_Tuple_implILm0EJPNSt7__cxx1112basic_stringIcSt11char_traitsIcESaIcEEEZN8nlohmann16json_abi_v3_11_310basic_jsonISt3mapSt6vectorS5_blmdSaNS8_14adl_serializerESB_IhSaIhEEvE6createIS5_JRKS5_EEEPT_DpOT0_EUlS6_E_EEC2IRS6_JRKSO_EvEEOSJ_SN_
FNDA:16,_ZNSt11_Tuple_implILm0EJPNSt7__cxx1112basic_stringIcSt11char_traitsIcESaIcEEEZN8nlohmann16json_abi_v3_11_310basic_jsonISt3mapSt6vectorS5_blmdSaNS8_14adl_serializerESB_IhSaIhEEvE6createIS5_JS5_EEEPT_DpOT0_EUlS6_E_EEC2IRS6_JRKSM_EvEEOSH_SL_
FNDA:68,_ZNSt11_Tuple_implILm0EJPSt3mapINSt7__cxx1112basic_stringIcSt11char_traitsIcESaIcEEEN8nlohmann16json_abi_v3_11_310basic_jsonIS0_St6vectorS6_blmdSaNS8_14adl_serializerESA_IhSaIhEEvEESt4lessIvESaISt4pairIKS6_SE_EEEZNSE_6createISL_JEEEPT_DpOT0_EUlSM_E_EEC2IRSM_JRKST_EvEEOSO_SS_
FNDA:0,_ZNSt11_Tuple_implILm0EJPSt3mapINSt7__cxx1112basic_stringIcSt11char_traitsIcESaIcEEEN8nlohmann16json_abi_v3_11_310basic_jsonIS0_St6vectorS6_blmdSaNS8_14adl_serializerESA_IhSaIhEEvEESt4lessIvESaISt4pairIKS6_SE_EEEZNSE_6createISL_JRKSL_EEEPT_DpOT0_EUlSM_E_EEC2IRSM_JRKSV_EvEEOSQ_SU_
FNDA:12,_ZNSt11_Tuple_implILm0EJPSt6vectorIN8nlohmann16json_abi_v3_11_310basic_jsonISt3mapS0_NSt7__cxx1112basic_stringIcSt11char_traitsIcESaIcEEEblmdSaNS2_14adl_serializerES0_IhSaIhEEvEESaISE_EEZNSE_6createISG_JEEEPT_DpOT0_EUlSH_E_EEC2IRSH_JRKSO_EvEEOSJ_SN_
FNDA:0,_ZNSt11_Tuple_implILm0EJPSt6vectorIN8nlohmann16json_abi_v3_11_310basic_jsonISt3mapS0_NSt7__cxx1112basic_stringIcSt11char_traitsIcESaIcEEEblmdSaNS2_14adl_serializerES0_IhSaIhEEvEESaISE_EEZNSE_6createISG_JPKNS2_6detail8json_refISE_EESN_EEEPT_DpOT0_EUlSH_E_EEC2IRSH_JRKST_EvEEOSO_SS_
FNDA:0,_ZNSt11_Tuple_implILm0EJPSt6vectorIN8nlohmann16json_abi_v3_11_310basic_jsonISt3mapS0_NSt7__cxx1112basic_stringIcSt11char_traitsIcESaIcEEEblmdSaNS2_14adl_serializerES0_IhSaIhEEvEESaISE_EEZNSE_6createISG_JRKSG_EEEPT_DpOT0_EUlSH_E_EEC2IRSH_JRKSQ_EvEEOSL_SP_
FNDA:240,_ZNSt11_Tuple_implILm0EJRKNSt7__cxx1112basic_stringIcSt11char_traitsIcESaIcEEEEE7_M_headERS8_
FNDA:2,_ZNSt11_Tuple_implILm1EJSt14default_deleteI10CSVHandlerEEE7_M_headERS3_
FNDA:4,_ZNSt11_Tuple_implILm1EJSt14default_deleteI11FileHandlerEEE7_M_headERS3_
FNDA:2,_ZNSt11_Tuple_implILm1EJSt14default_deleteI11JSONHandlerEEE7_M_headERS3_
FNDA:3,_ZNSt11_Tuple_implILm1EJSt14default_deleteI17CSVHandlerFactoryEEE7_M_headERS3_
FNDA:6,_ZNSt11_Tuple_implILm1EJSt14default_deleteI18FileHandlerFactoryEEE7_M_headERS3_
FNDA:3,_ZNSt11_Tuple_implILm1EJSt14default_deleteI18JSONHandlerFactoryEEE7_M_headERS3_
FNDA:0,_ZNSt11_Tuple_implILm1EJSt14default_deleteINSt7__cxx1112basic_stringIcSt11char_traitsIcESaIcEEEEEE7_M_headERS8_
FNDA:296,_ZNSt11_Tuple_implILm1EJSt14default_deleteINSt7__cxx1118basic_stringstreamIcSt11char_traitsIcESaIcEEEEEE7_M_headERS8_
FNDA:0,_ZNSt11_Tuple_implILm1EJZN8nlohmann16json_abi_v3_11_310basic_jsonISt3mapSt6vectorNSt7__cxx1112basic_stringIcSt11char_traitsIcESaIcEEEblmdSaNS1_14adl_serializerES4_IhSaIhEEvE6createINS1_27byte_container_with_subtypeISD_EEJEEEPT_DpOT0_EUlPSH_E_EE7_M_headERSP_
FNDA:0,_ZNSt11_Tuple_implILm1EJZN8nlohmann16json_abi_v3_11_310basic_jsonISt3mapSt6vectorNSt7__cxx1112basic_stringIcSt11char_traitsIcESaIcEEEblmdSaNS1_14adl_serializerES4_IhSaIhEEvE6createINS1_27byte_container_with_subtypeISD_EEJRKSH_EEEPT_DpOT0_EUlPSH_E_EE7_M_headERSR_
FNDA:0,_ZNSt11_Tuple_implILm1EJZN8nlohmann16json_abi_v3_11_310basic_jsonISt3mapSt6vectorNSt7__cxx1112basic_stringIcSt11char_traitsIcESaIcEEEblmdSaNS1_14adl_serializerES4_IhSaIhEEvE6createIS3_ISA_SE_St4lessIvESaISt4pairIKSA_SE_EEEJEEEPT_DpOT0_EUlPSM_E_EE7_M_headERSU_
FNDA:0,_ZNSt11_Tuple_implILm1EJZN8nlohmann16json_abi_v3_11_310basic_jsonISt3mapSt6vectorNSt7__cxx1112basic_stringIcSt11char_traitsIcESaIcEEEblmdSaNS1_14adl_serializerES4_IhSaIhEEvE6createIS3_ISA_SE_St4lessIvESaISt4pairIKSA_SE_EEEJRKSM_EEEPT_DpOT0_EUlPSM_E_EE7_M_headERSW_
FNDA:0,_ZNSt11_Tuple_implILm1EJZN8nlohmann16json_abi_v3_11_310basic_jsonISt3mapSt6vectorNSt7__cxx1112basic_stringIcSt11char_traitsIcESaIcEEEblmdSaNS1_14adl_serializerES4_IhSaIhEEvE6createIS4_ISE_SaISE_EEJEEEPT_DpOT0_EUlPSH_E_EE7_M_headERSP_
FNDA:0,_ZNSt11_Tuple_implILm1EJZN8nlohmann16json_abi_v3_11_310basic_jsonISt3mapSt6vectorNSt7__cxx1112basic_stringIcSt11char_traitsIcESaIcEEEblmdSaNS1_14adl_serializerES4_IhSaIhEEvE6createIS4_ISE_SaISE_EEJPKNS1_6detail8json_refISE_EESM_EEEPT_DpOT0_EUlPSH_E_EE7_M_headERSU_
FNDA:0,_ZNSt11_Tuple_implILm1EJZN8nlohmann16json_abi_v3_11_310basic_jsonISt3mapSt6vectorNSt7__cxx1112basic_stringIcSt11char_traitsIcESaIcEEEblmdSaNS1_14adl_serializerES4_IhSaIhEEvE6createIS4_ISE_SaISE_EEJRKSH_EEEPT_DpOT0_EUlPSH_E_EE7_M_headERSR_
FNDA:0,_ZNSt11_Tuple_implILm1EJZN8nlohmann16json_abi_v3_11_310basic_jsonISt3mapSt6vectorNSt7__cxx1112basic_stringIcSt11char_traitsIcESaIcEEEblmdSaNS1_14adl_serializerES4_IhSaIhEEvE6createISA_JRA1_KcEEEPT_DpOT0_EUlPSA_E_EE7_M_headERSQ_
FNDA:0,_ZNSt11_Tuple_implILm1EJZN8nlohmann16json_abi_v3_11_310basic_jsonISt3mapSt6vectorNSt7__cxx1112basic_stringIcSt11char_traitsIcESaIcEEEblmdSaNS1_14adl_serializerES4_IhSaIhEEvE6createISA_JRKSA_EEEPT_DpOT0_EUlPSA_E_EE7_M_headERSP_
FNDA:0,_ZNSt11_Tuple_implILm1EJZN8nlohmann16json_abi_v3_11_310basic_jsonISt3mapSt6vectorNSt7__cxx1112basic_stringIcSt11char_traitsIcESaIcEEEblmdSaNS1_14adl_serializerES4_IhSaIhEEvE6createISA_JSA_EEEPT_DpOT0_EUlPSA_E_EE7_M_headERSN_
FNDA:0,_ZNSt11_Tuple_implILm2EJRKbEE7_M_headERKS2_
FNDA:2,_ZNSt11_Tuple_implILm1EJSt14default_deleteI10CSVHandlerEEEC2Ev
FNDA:2,_ZNSt11_Tuple_implILm1EJSt14default_deleteI11JSONHandlerEEEC2Ev
FNDA:3,_ZNSt11_Tuple_implILm1EJSt14default_deleteI17CSVHandlerFactoryEEEC2Ev
FNDA:3,_ZNSt11_Tuple_implILm1EJSt14default_deleteI18JSONHandlerFactoryEEEC2Ev
FNDA:67,_ZNSt11_Tuple_implILm1EJSt14default_deleteINSt7__cxx1112basic_stringIcSt11char_traitsIcESaIcEEEEEEC2Ev
FNDA:240,_ZNSt11_Tuple_implILm0EJRKNSt7__cxx1112basic_stringIcSt11char_traitsIcESaIcEEEEEC2ES7_
FNDA:0,_ZNSt11_Tuple_implILm1EJZN8nlohmann16json_abi_v3_11_310basic_jsonISt3mapSt6vectorNSt7__cxx1112basic_stringIcSt11char_traitsIcESaIcEEEblmdSaNS1_14adl_serializerES4_IhSaIhEEvE6createINS1_27byte_container_with_subtypeISD_EEJEEEPT_DpOT0_EUlPSH_E_EEC2ERKSO_
FNDA:0,_ZNSt11_Tuple_implILm1EJZN8nlohmann16json_abi_v3_11_310basic_jsonISt3mapSt6vectorNSt7__cxx1112basic_stringIcSt11char_traitsIcESaIcEEEblmdSaNS1_14adl_serializerES4_IhSaIhEEvE6createINS1_27byte_container_with_subtypeISD_EEJRKSH_EEEPT_DpOT0_EUlPSH_E_EEC2ERKSQ_
FNDA:68,_ZNSt11_Tuple_implILm1EJZN8nlohmann16json_abi_v3_11_310basic_jsonISt3mapSt6vectorNSt7__cxx1112basic_stringIcSt11char_traitsIcESaIcEEEblmdSaNS1_14adl_serializerES4_IhSaIhEEvE6createIS3_ISA_SE_St4lessIvESaISt4pairIKSA_SE_EEEJEEEPT_DpOT0_EUlPSM_E_EEC2ERKST_
FNDA:0,_ZNSt11_Tuple_implILm1EJZN8nlohmann16json_abi_v3_11_310basic_jsonISt3mapSt6vectorNSt7__cxx1112basic_stringIcSt11char_traitsIcESaIcEEEblmdSaNS1_14adl_serializerES4_IhSaIhEEvE6createIS3_ISA_SE_St4lessIvESaISt4pairIKSA_SE_EEEJRKSM_EEEPT_DpOT0_EUlPSM_E_EEC2ERKSV_
FNDA:12,_ZNSt11_Tuple_implILm1EJZN8nlohmann16json_abi_v3_11_310basic_jsonISt3mapSt6vectorNSt7__cxx1112basic_stringIcSt11char_traitsIcESaIcEEEblmdSaNS1_14adl_serializerES4_IhSaIhEEvE6createIS4_ISE_SaISE_EEJEEEPT_DpOT0_EUlPSH_E_EEC2ERKSO_
FNDA:0,_ZNSt11_Tuple_implILm1EJZN8nlohmann16json_abi_v3_11_310basic_jsonISt3mapSt6vectorNSt7__cxx1112basic_stringIcSt11char_traitsIcESaIcEEEblmdSaNS1_14adl_serializerES4_IhSaIhEEvE6createIS4_ISE_SaISE_EEJPKNS1_6detail8json_refISE_EESM_EEEPT_DpOT0_EUlPSH_E_EEC2ERKST_
FNDA:0,_ZNSt11_Tuple_implILm1EJZN8nlohmann16json_abi_v3_11_310basic_jsonISt3mapSt6vectorNSt7__cxx1112basic_stringIcSt11char_traitsIcESaIcEEEblmdSaNS1_14adl_serializerES4_IhSaIhEEvE6createIS4_ISE_SaISE_EEJRKSH_EEEPT_DpOT0_EUlPSH_E_EEC2ERKSQ_
FNDA:0,_ZNSt11_Tuple_implILm1EJZN8nlohmann16json_abi_v3_11_310basic_jsonISt3mapSt6vectorNSt7__cxx1112basic_stringIcSt11char_traitsIcESaIcEEEblmdSaNS1_14adl_serializerES4_IhSaIhEEvE6createISA_JRA1_KcEEEPT_DpOT0_EUlPSA_E_EEC2ERKSP_
FNDA:42,_ZNSt11_Tuple_implILm1EJZN8nlohmann16json_abi_v3_11_310basic_jsonISt3mapSt6vectorNSt7__cxx1112basic_stringIcSt11char_traitsIcESaIcEEEblmdSaNS1_14adl_serializerES4_IhSaIhEEvE6createISA_JRKSA_EEEPT_DpOT0_EUlPSA_E_EEC2ERKSO_
FNDA:16,_ZNSt11_Tuple_implILm1EJZN8nlohmann16json_abi_v3_11_310basic_jsonISt3mapSt6vectorNSt7__cxx1112basic_stringIcSt11char_traitsIcESaIcEEEblmdSaNS1_14adl_serializerES4_IhSaIhEEvE6createISA_JSA_EEEPT_DpOT0_EUlPSA_E_EEC2ERKSM_
FNDA:0,_ZNSt11_Tuple_implILm2EJRKbEEC2ES1_
FNDA:2,_ZNSt11_Tuple_implILm1EJSt14default_deleteI11FileHandlerEEEC2IS0_I10CSVHandlerEEEOT_
FNDA:2,_ZNSt11_Tuple_implILm1EJSt14default_deleteI11FileHandlerEEEC2IS0_I11JSONHandlerEEEOT_
FNDA:3,_ZNSt11_Tuple_implILm1EJSt14default_deleteI18FileHandlerFactoryEEEC2IS0_I17CSVHandlerFactoryEEEOT_
FNDA:3,_ZNSt11_Tuple_implILm1EJSt14default_deleteI18FileHandlerFactoryEEEC2IS0_I18JSONHandlerFactoryEEEOT_
FNDA:240,_ZNSt11_Tuple_implILm0EJRKNSt7__cxx1112basic_stringIcSt11char_traitsIcESaIcEEEEEC2EOS8_
FNDA:2,_ZNSt10_Head_baseILm1ESt14default_deleteI10CSVHandlerELb1EEC2Ev
FNDA:2,_ZNSt10_Head_baseILm1ESt14default_deleteI11JSONHandlerELb1EEC2Ev
FNDA:3,_ZNSt10_Head_baseILm1ESt14default_deleteI17CSVHandlerFactoryELb1EEC2Ev
FNDA:3,_ZNSt10_Head_baseILm1ESt14default_deleteI18JSONHandlerFactoryELb1EEC2Ev
FNDA:67,_ZNSt10_Head_baseILm1ESt14default_deleteINSt7__cxx1112basic_stringIcSt11char_traitsIcESaIcEEEELb1EEC2Ev
FNDA:240,_ZNSt5tupleIJRKNSt7__cxx1112basic_stringIcSt11char_traitsIcESaIcEEEEEC2ILb1ELb1EEES7_
FNDA:0,_ZNSt5tupleIJRKSt6vectorIhSaIhEERKmRKbEEC2ILb1ELb1EEES4_S6_S8_
FNDA:240,_ZNSt5tupleIJRKNSt7__cxx1112basic_stringIcSt11char_traitsIcESaIcEEEEEC2EOS8_
FNDA:2,_ZNSt10_Head_baseILm1ESt14default_deleteI11FileHandlerELb1EEC2IS0_I10CSVHandlerEEEOT_
FNDA:2,_ZNSt10_Head_baseILm1ESt14default_deleteI11FileHandlerELb1EEC2IS0_I11JSONHandlerEEEOT_
FNDA:3,_ZNSt10_Head_baseILm1ESt14default_deleteI18FileHandlerFactoryELb1EEC2IS0_I17CSVHandlerFactoryEEEOT_
FNDA:3,_ZNSt10_Head_baseILm1ESt14default_deleteI18FileHandlerFactoryELb1EEC2IS0_I18JSONHandlerFactoryEEEOT_
FNF:309
FNH:174
DA:81,77
DA:82,77
DA:91,10
DA:92,10
DA:125,316
DA:190,77
DA:191,77
DA:193,378
DA:194,378
DA:200,148
DA:201,148
DA:234,1363
DA:237,1476
DA:269,1123
DA:272,1476
DA:280,77
DA:281,77
DA:284,0
DA:285,0
DA:286,0
DA:291,148
DA:293,148
DA:294,148
DA:497,556
DA:500,0
DA:503,77
DA:504,77
DA:507,378
DA:508,378
DA:509,378
DA:513,10
DA:514,10
DA:515,10
DA:527,240
DA:529,240
DA:530,240
DA:874,240
DA:876,240
DA:903,240
DA:1317,77
DA:1319,77
DA:1345,148
DA:1347,148
DA:1787,1679
DA:1788,1679
DA:1792,1476
DA:1793,1476
DA:1803,1679
DA:1804,1679
DA:1809,1476
DA:1810,1476
DA:1892,0
DA:1894,0
DA:1895,0
DA:1911,0
DA:1919,0
DA:1927,0
DA:2169,0
DA:2170,0
DA:2252,240
DA:2257,240
DA:2258,240
DA:2264,240
DA:2267,240
DA:2268,240
DA:2269,240
LF:66
LH:54
end_of_record
TN:
SF:/usr/include/c++/13/typeinfo
FN:103,104,_ZNKSt9type_info4nameEv
FN:193,210,_ZNKSt9type_infoeqERKS_
FNDA:0,_ZNKSt9type_info4nameEv
FNDA:0,_ZNKSt9type_infoeqERKS_
FNF:2
FNH:0
DA:103,0
DA:104,0
DA:193,0
DA:195,0
DA:196,0
DA:198,0
DA:199,0
DA:206,0
LF:8
LH:0
end_of_record
TN:
SF:/usr/include/x86_64-linux-gnu/c++/13/bits/c++config.h
FN:540,551,_ZSt23__is_constant_evaluatedv
FNDA:2683,_ZSt23__is_constant_evaluatedv
FNF:1
FNH:1
DA:540,2683
DA:547,2683
LF:2
LH:2
end_of_record
